#
# A fatal error has been detected by the Java Runtime Environment:
#
#  SIGSEGV (0xb) at pc=0x00007fb924467e73, pid=15650, tid=0x00007fb90a997700
#
# JRE version: OpenJDK Runtime Environment (8.0_222-b10) (build 1.8.0_222-8u222-b10-1ubuntu1~18.04.1-b10)
# Java VM: OpenJDK 64-Bit Server VM (25.222-b10 mixed mode linux-amd64 compressed oops)
# Problematic frame:
# V  [libjvm.so+0x968e73]
#
# Failed to write core dump. Core dumps have been disabled. To enable core dumping, try "ulimit -c unlimited" before starting Java again
#
# If you would like to submit a bug report, please visit:
#   http://bugreport.java.com/bugreport/crash.jsp
#

---------------  T H R E A D  ---------------

Current thread (0x00007fb91c03b000):  GCTaskThread [stack: 0x00007fb90a898000,0x00007fb90a998000] [id=15673]

siginfo: si_signo: 11 (SIGSEGV), si_code: 1 (SEGV_MAPERR), si_addr: 0x0000000000000008

Registers:
RAX=0x0000000000000001, RBX=0x000000070d70f2c0, RCX=0x0000000000000003, RDX=0x00007fb924a46960
RSP=0x00007fb90a996c30, RBP=0x00007fb90a996cd0, RSI=0x000000070d70f2c0, RDI=0x0000000000000000
R8 =0x7b4eb617e1ae1e50, R9 =0x00007fb90a996be0, R10=0x00000003eed9d2f1, R11=0x0000000000000018
R12=0x00007fb91c092b00, R13=0x0000000000000001, R14=0x00007fb91c092b68, R15=0x00007fb924a46970
RIP=0x00007fb924467e73, EFLAGS=0x0000000000010246, CSGSFS=0x002b000000000033, ERR=0x0000000000000004
  TRAPNO=0x000000000000000e

Top of Stack: (sp=0x00007fb90a996c30)
0x00007fb90a996c30:   00007fb91c092b68 00007fb924a649e9
0x00007fb90a996c40:   00007fb90a996cd0 00007fb924466b59
0x00007fb90a996c50:   0000000000000018 0000000000000005
0x00007fb90a996c60:   00000003eeefad88 0000000000000400
0x00007fb90a996c70:   00007fb90a996d20 00007fb92446821a
0x00007fb90a996c80:   0000000000000000 00007fb924a649e9
0x00007fb90a996c90:   00007fb90a996d20 a8b3338bef541400
0x00007fb90a996ca0:   00007fb900000003 00007fb91c092b00
0x00007fb90a996cb0:   00000003eed9d26c 0000000000000001
0x00007fb90a996cc0:   00007fb91c092b68 00007fb924a46970
0x00007fb90a996cd0:   00007fb90a996d20 00007fb924467788
0x00007fb90a996ce0:   0000169f000003d6 a8b3338bef541400
0x00007fb90a996cf0:   00000003e4f20008 00000003da765de4
0x00007fb90a996d00:   000000000000000f 00007fb90a996d54
0x00007fb90a996d10:   00007fb924a46970 0000000000000001
0x00007fb90a996d20:   00007fb90a996da0 00007fb92446bcc6
0x00007fb90a996d30:   00007fb91c0104d0 00007fb874045b00
0x00007fb90a996d40:   00007fb91c092b00 0000000000000000
0x00007fb90a996d50:   637517181c020750 00000b370000061b
0x00007fb90a996d60:   00000b370000061c a8b3338bef541400
0x00007fb90a996d70:   00007fb90a996da0 0000000000000001
0x00007fb90a996d80:   00007fb874045b00 00007fb91c03b000
0x00007fb90a996d90:   0000000000000000 00007fb924a64788
0x00007fb90a996da0:   00007fb90a996eb0 00007fb9240bdb96
0x00007fb90a996db0:   00000000000003d8 00007fb91c03b7f0
0x00007fb90a996dc0:   00007fb91c03bc18 00007fb91c03b840
0x00007fb90a996dd0:   00007fb90a996e40 00007fb91c03b830
0x00007fb90a996de0:   00007fb90a996df8 00007fb9246368f0
0x00007fb90a996df0:   0000000000000000 0000000000000000
0x00007fb90a996e00:   00007fb91c03b000 00007fb91c03bc20
0x00007fb90a996e10:   00007fb91c03bc60 00007fb91c03bc70
0x00007fb90a996e20:   00007fb91c03bd48 00000000000000d8 

Instructions: (pc=0x00007fb924467e73)
0x00007fb924467e53:   41 be 01 00 00 00 e9 b8 fe ff ff 66 90 48 8d 15
0x00007fb924467e63:   f9 ea 5d 00 8b 7e 08 8b 4a 08 48 d3 e7 48 03 3a
0x00007fb924467e73:   8b 4f 08 83 f9 00 0f 8f 86 fd ff ff 0f 84 03 fe
0x00007fb924467e83:   ff ff 3c 01 48 8d 15 de dd 5c 00 48 19 c0 83 e0 

Register to memory mapping:

RAX=0x0000000000000001 is an unknown value
RBX=0x000000070d70f2c0 is an oop

[error occurred during error reporting (printing register info), id 0xb]

Stack: [0x00007fb90a898000,0x00007fb90a998000],  sp=0x00007fb90a996c30,  free space=1019k
Native frames: (J=compiled Java code, j=interpreted, Vv=VM code, C=native code)
V  [libjvm.so+0x968e73]
V  [libjvm.so+0x968788]
V  [libjvm.so+0x96ccc6]
V  [libjvm.so+0x5beb96]
V  [libjvm.so+0x8f0732]


---------------  P R O C E S S  ---------------

Java Threads: ( => current thread )
  0x00007fb91c234000 JavaThread "Thread-783" [_thread_blocked, id=16485, stack(0x00007fb793cfd000,0x00007fb793dfe000)]
  0x00007fb91c17b800 JavaThread "Thread-782" [_thread_blocked, id=16484, stack(0x00007fb88e31e000,0x00007fb88e41f000)]
  0x00007fb91c179800 JavaThread "Thread-781" [_thread_blocked, id=16483, stack(0x00007fb88d40f000,0x00007fb88d510000)]
  0x00007fb91c1f3000 JavaThread "Thread-780" [_thread_blocked, id=16482, stack(0x00007fb88e621000,0x00007fb88e722000)]
  0x00007fb91c16b800 JavaThread "Thread-779" [_thread_blocked, id=16481, stack(0x00007fb793dfe000,0x00007fb793eff000)]
  0x00007fb91c232000 JavaThread "Thread-778" [_thread_blocked, id=16480, stack(0x00007fb79a8e9000,0x00007fb79a9ea000)]
  0x00007fb91c169800 JavaThread "Thread-777" [_thread_blocked, id=16479, stack(0x00007fb88de19000,0x00007fb88df1a000)]
  0x00007fb91c1dc800 JavaThread "Thread-776" [_thread_blocked, id=16478, stack(0x00007fb88e823000,0x00007fb88e924000)]
  0x00007fb91c1af000 JavaThread "Thread-775" [_thread_blocked, id=16477, stack(0x00007fb79beff000,0x00007fb79c000000)]
  0x00007fb91c1a8000 JavaThread "Thread-774" [_thread_blocked, id=16476, stack(0x00007fb798dce000,0x00007fb798ecf000)]
  0x00007fb91c1a9800 JavaThread "Thread-773" [_thread_blocked, id=16475, stack(0x00007fb798acb000,0x00007fb798bcc000)]
  0x00007fb91c184000 JavaThread "Thread-772" [_thread_blocked, id=16474, stack(0x00007fb799dde000,0x00007fb799edf000)]
  0x00007fb91c1bd000 JavaThread "Thread-771" [_thread_blocked, id=16473, stack(0x00007fb88c500000,0x00007fb88c601000)]
  0x00007fb91c1df800 JavaThread "Thread-770" [_thread_blocked, id=16472, stack(0x00007fb7981c2000,0x00007fb7982c3000)]
  0x00007fb91c229000 JavaThread "Thread-769" [_thread_blocked, id=16471, stack(0x00007fb79bcfd000,0x00007fb79bdfe000)]
  0x00007fb91c1b0800 JavaThread "Thread-768" [_thread_blocked, id=16470, stack(0x00007fb79aaeb000,0x00007fb79abec000)]
  0x00007fb91c171000 JavaThread "Thread-767" [_thread_blocked, id=16469, stack(0x00007fb79b6f7000,0x00007fb79b7f8000)]
  0x00007fb91c1c6800 JavaThread "Thread-766" [_thread_blocked, id=16468, stack(0x00007fb88dc17000,0x00007fb88dd18000)]
  0x00007fb91c1f5000 JavaThread "Thread-765" [_thread_blocked, id=16467, stack(0x00007fb88e722000,0x00007fb88e823000)]
  0x00007fb91c19d800 JavaThread "Thread-764" [_thread_blocked, id=16466, stack(0x00007fb88c702000,0x00007fb88c803000)]
  0x00007fb91c191800 JavaThread "Thread-763" [_thread_blocked, id=16465, stack(0x00007fb799cdd000,0x00007fb799dde000)]
  0x00007fb91c1de000 JavaThread "Thread-762" [_thread_blocked, id=16464, stack(0x00007fb79a0e1000,0x00007fb79a1e2000)]
  0x00007fb91c238000 JavaThread "Thread-761" [_thread_blocked, id=16463, stack(0x00007fb799fe0000,0x00007fb79a0e1000)]
  0x00007fb91c172800 JavaThread "Thread-759" [_thread_blocked, id=16461, stack(0x00007fb88e41f000,0x00007fb88e520000)]
  0x00007fb91c19f000 JavaThread "Thread-755" [_thread_blocked, id=16457, stack(0x00007fb88e21d000,0x00007fb88e31e000)]
  0x00007fb91c1b6000 JavaThread "Thread-750" [_thread_blocked, id=16452, stack(0x00007fb79b0f1000,0x00007fb79b1f2000)]
  0x00007fb91c15f800 JavaThread "Thread-749" [_thread_blocked, id=16451, stack(0x00007fb7986c7000,0x00007fb7987c8000)]
  0x00007fb91c22e800 JavaThread "Thread-748" [_thread_blocked, id=16450, stack(0x00007fb7939fa000,0x00007fb793afb000)]
  0x00007fb91c0f7800 JavaThread "Service Thread" daemon [_thread_blocked, id=15693, stack(0x00007fb88ee29000,0x00007fb88ef2a000)]
  0x00007fb91c0f4800 JavaThread "C1 CompilerThread11" daemon [_thread_blocked, id=15692, stack(0x00007fb88ef2b000,0x00007fb88f02b000)]
  0x00007fb91c0f2800 JavaThread "C1 CompilerThread10" daemon [_thread_blocked, id=15691, stack(0x00007fb88f02c000,0x00007fb88f12c000)]
  0x00007fb91c0f0800 JavaThread "C1 CompilerThread9" daemon [_thread_blocked, id=15690, stack(0x00007fb88f12d000,0x00007fb88f22d000)]
  0x00007fb91c0ee800 JavaThread "C1 CompilerThread8" daemon [_thread_blocked, id=15689, stack(0x00007fb88f22e000,0x00007fb88f32e000)]
  0x00007fb91c0ed000 JavaThread "C2 CompilerThread7" daemon [_thread_blocked, id=15688, stack(0x00007fb88f32f000,0x00007fb88f42f000)]
  0x00007fb91c0ea800 JavaThread "C2 CompilerThread6" daemon [_thread_blocked, id=15687, stack(0x00007fb88f430000,0x00007fb88f530000)]
  0x00007fb91c0e9000 JavaThread "C2 CompilerThread5" daemon [_thread_blocked, id=15686, stack(0x00007fb88f531000,0x00007fb88f631000)]
  0x00007fb91c0de800 JavaThread "C2 CompilerThread4" daemon [_thread_blocked, id=15685, stack(0x00007fb89c0f8000,0x00007fb89c1f8000)]
  0x00007fb91c0dc800 JavaThread "C2 CompilerThread3" daemon [_thread_blocked, id=15684, stack(0x00007fb89c1f9000,0x00007fb89c2f9000)]
  0x00007fb91c0da800 JavaThread "C2 CompilerThread2" daemon [_thread_blocked, id=15683, stack(0x00007fb89c2fa000,0x00007fb89c3fa000)]
  0x00007fb91c0d9000 JavaThread "C2 CompilerThread1" daemon [_thread_blocked, id=15682, stack(0x00007fb89c3fb000,0x00007fb89c4fb000)]
  0x00007fb91c0d6000 JavaThread "C2 CompilerThread0" daemon [_thread_blocked, id=15681, stack(0x00007fb89c4fc000,0x00007fb89c5fc000)]
  0x00007fb91c0d4800 JavaThread "Signal Dispatcher" daemon [_thread_blocked, id=15680, stack(0x00007fb89c5fc000,0x00007fb89c6fd000)]
  0x00007fb91c0a1800 JavaThread "Finalizer" daemon [_thread_blocked, id=15679, stack(0x00007fb89c6fd000,0x00007fb89c7fe000)]
  0x00007fb91c09f000 JavaThread "Reference Handler" daemon [_thread_blocked, id=15678, stack(0x00007fb89c7fe000,0x00007fb89c8ff000)]
  0x00007fb91c00b800 JavaThread "main" [_thread_blocked, id=15652, stack(0x00007fb9257d3000,0x00007fb9258d3000)]

Other Threads:
  0x00007fb91c095800 VMThread [stack: 0x00007fb89c900000,0x00007fb89ca00000] [id=15677]
  0x00007fb91c0fa000 WatcherThread [stack: 0x00007fb88ed29000,0x00007fb88ee29000] [id=15694]

=>0x00007fb91c03b000 (exited) GCTaskThread [stack: 0x00007fb90a898000,0x00007fb90a998000] [id=15673]

VM state:at safepoint (normal execution)

VM Mutex/Monitor currently owned by a thread:  ([mutex/lock_event])
[0x00007fb91c007bd0] Threads_lock - owner thread: 0x00007fb91c095800
[0x00007fb91c0080d0] Heap_lock - owner thread: 0x00007fb91c1de000

heap address: 0x00000003d4000000, size: 16064 MB, Compressed Oops mode: Zero based, Oop shift amount: 3
Narrow klass base: 0x0000000000000000, Narrow klass shift: 3
Compressed class space size: 1073741824 Address: 0x00000007c0000000

Heap:
 PSYoungGen      total 4233216K, used 4233206K [0x0000000671580000, 0x000000078eb80000, 0x00000007c0000000)
  eden space 4010496K, 100% used [0x0000000671580000,0x0000000766200000,0x0000000766200000)
  from space 222720K, 99% used [0x0000000778300000,0x0000000785c7d910,0x0000000785c80000)
  to   space 295936K, 99% used [0x0000000766200000,0x00000007782feb60,0x0000000778300000)
 ParOldGen       total 685568K, used 445130K [0x00000003d4000000, 0x00000003fdd80000, 0x0000000671580000)
  object space 685568K, 64% used [0x00000003d4000000,0x00000003ef2b4a20,0x00000003fdd80000)
 Metaspace       used 2671K, capacity 4564K, committed 4864K, reserved 1056768K
  class space    used 274K, capacity 388K, committed 512K, reserved 1048576K

Card table byte_map: [0x00007fb90b09f000,0x00007fb90d000000] byte_map_base: 0x00007fb9091ff000

Marking Bits: (ParMarkBitMap*) 0x00007fb924a6e360
 Begin Bits: [0x00007fb89ca00000, 0x00007fb8ac500000)
 End Bits:   [0x00007fb8ac500000, 0x00007fb8bc000000)

Polling page: 0x00007fb9258ef000

CodeCache: size=245760Kb used=3279Kb max_used=3307Kb free=242480Kb
 bounds [0x00007fb90d000000, 0x00007fb90d350000, 0x00007fb91c000000]
 total_blobs=414 nmethods=177 adapters=150
 compilation: enabled

Compilation events (10 events):
Event: 3.666 Thread 0x00007fb91c0ea800 nmethod 172 0x00007fb90d31e1d0 code [0x00007fb90d31e360, 0x00007fb90d31ecf8]
Event: 3.691 Thread 0x00007fb91c0d9000 nmethod 150% 0x00007fb90d329090 code [0x00007fb90d3295e0, 0x00007fb90d32e1d8]
Event: 3.692 Thread 0x00007fb91c0da800  174 %     4       sarw.TwoDimensionWalk::selfAvoidingWalk @ 39 (250 bytes)
Event: 3.698 Thread 0x00007fb91c0ee800  175       3       java.lang.Thread::exit (51 bytes)
Event: 3.698 Thread 0x00007fb91c0f4800  176   !   3       java.lang.ThreadGroup::threadTerminated (63 bytes)
Event: 3.698 Thread 0x00007fb91c0ee800 nmethod 175 0x00007fb90d31dcd0 code [0x00007fb90d31de40, 0x00007fb90d31e0e8]
Event: 3.698 Thread 0x00007fb91c0f4800 nmethod 176 0x00007fb90d31ffd0 code [0x00007fb90d320160, 0x00007fb90d320728]
Event: 3.966 Thread 0x00007fb91c0f0800  177       3       java.security.AccessControlContext::optimize (318 bytes)
Event: 3.973 Thread 0x00007fb91c0f0800 nmethod 177 0x00007fb90d326310 code [0x00007fb90d326660, 0x00007fb90d3281f8]
Event: 4.329 Thread 0x00007fb91c0da800 nmethod 174% 0x00007fb90d337a50 code [0x00007fb90d337f20, 0x00007fb90d33c208]

GC Heap History (10 events):
Event: 1.598 GC heap after
Heap after GC invocations=4 (full 0):
 PSYoungGen      total 1072640K, used 42488K [0x0000000671580000, 0x00000006b5680000, 0x00000007c0000000)
  eden space 1030144K, 0% used [0x0000000671580000,0x0000000671580000,0x00000006b0380000)
  from space 42496K, 99% used [0x00000006b2d00000,0x00000006b567e3f8,0x00000006b5680000)
  to   space 42496K, 0% used [0x00000006b0380000,0x00000006b0380000,0x00000006b2d00000)
 ParOldGen       total 685568K, used 42524K [0x00000003d4000000, 0x00000003fdd80000, 0x0000000671580000)
  object space 685568K, 6% used [0x00000003d4000000,0x00000003d69870b0,0x00000003fdd80000)
 Metaspace       used 2644K, capacity 4564K, committed 4864K, reserved 1056768K
  class space    used 273K, capacity 388K, committed 512K, reserved 1048576K
}
Event: 2.561 GC heap before
{Heap before GC invocations=5 (full 0):
 PSYoungGen      total 1072640K, used 1072632K [0x0000000671580000, 0x00000006b5680000, 0x00000007c0000000)
  eden space 1030144K, 100% used [0x0000000671580000,0x00000006b0380000,0x00000006b0380000)
  from space 42496K, 99% used [0x00000006b2d00000,0x00000006b567e3f8,0x00000006b5680000)
  to   space 42496K, 0% used [0x00000006b0380000,0x00000006b0380000,0x00000006b2d00000)
 ParOldGen       total 685568K, used 42524K [0x00000003d4000000, 0x00000003fdd80000, 0x0000000671580000)
  object space 685568K, 6% used [0x00000003d4000000,0x00000003d69870b0,0x00000003fdd80000)
 Metaspace       used 2645K, capacity 4564K, committed 4864K, reserved 1056768K
  class space    used 273K, capacity 388K, committed 512K, reserved 1048576K
Event: 2.678 GC heap after
Heap after GC invocations=5 (full 0):
 PSYoungGen      total 1072640K, used 42495K [0x0000000671580000, 0x00000006fe280000, 0x00000007c0000000)
  eden space 1030144K, 0% used [0x0000000671580000,0x0000000671580000,0x00000006b0380000)
  from space 42496K, 99% used [0x00000006b0380000,0x00000006b2cffcc8,0x00000006b2d00000)
  to   space 123392K, 0% used [0x00000006f6a00000,0x00000006f6a00000,0x00000006fe280000)
 ParOldGen       total 685568K, used 105787K [0x00000003d4000000, 0x00000003fdd80000, 0x0000000671580000)
  object space 685568K, 15% used [0x00000003d4000000,0x00000003da74ed40,0x00000003fdd80000)
 Metaspace       used 2645K, capacity 4564K, committed 4864K, reserved 1056768K
  class space    used 273K, capacity 388K, committed 512K, reserved 1048576K
}
Event: 3.313 GC heap before
{Heap before GC invocations=6 (full 0):
 PSYoungGen      total 1072640K, used 1072639K [0x0000000671580000, 0x00000006fe280000, 0x00000007c0000000)
  eden space 1030144K, 100% used [0x0000000671580000,0x00000006b0380000,0x00000006b0380000)
  from space 42496K, 99% used [0x00000006b0380000,0x00000006b2cffcc8,0x00000006b2d00000)
  to   space 123392K, 0% used [0x00000006f6a00000,0x00000006f6a00000,0x00000006fe280000)
 ParOldGen       total 685568K, used 105787K [0x00000003d4000000, 0x00000003fdd80000, 0x0000000671580000)
  object space 685568K, 15% used [0x00000003d4000000,0x00000003da74ed40,0x00000003fdd80000)
 Metaspace       used 2659K, capacity 4564K, committed 4864K, reserved 1056768K
  class space    used 274K, capacity 388K, committed 512K, reserved 1048576K
Event: 3.356 GC heap after
Heap after GC invocations=6 (full 0):
 PSYoungGen      total 2165248K, used 105955K [0x0000000671580000, 0x0000000700680000, 0x00000007c0000000)
  eden space 2041856K, 0% used [0x0000000671580000,0x0000000671580000,0x00000006edf80000)
  from space 123392K, 85% used [0x00000006f6a00000,0x00000006fd178d08,0x00000006fe280000)
  to   space 141824K, 0% used [0x00000006edf80000,0x00000006edf80000,0x00000006f6a00000)
 ParOldGen       total 685568K, used 105787K [0x00000003d4000000, 0x00000003fdd80000, 0x0000000671580000)
  object space 685568K, 15% used [0x00000003d4000000,0x00000003da74ed40,0x00000003fdd80000)
 Metaspace       used 2659K, capacity 4564K, committed 4864K, reserved 1056768K
  class space    used 274K, capacity 388K, committed 512K, reserved 1048576K
}
Event: 4.037 GC heap before
{Heap before GC invocations=7 (full 0):
 PSYoungGen      total 2165248K, used 2147811K [0x0000000671580000, 0x0000000700680000, 0x00000007c0000000)
  eden space 2041856K, 100% used [0x0000000671580000,0x00000006edf80000,0x00000006edf80000)
  from space 123392K, 85% used [0x00000006f6a00000,0x00000006fd178d08,0x00000006fe280000)
  to   space 141824K, 0% used [0x00000006edf80000,0x00000006edf80000,0x00000006f6a00000)
 ParOldGen       total 685568K, used 105787K [0x00000003d4000000, 0x00000003fdd80000, 0x0000000671580000)
  object space 685568K, 15% used [0x00000003d4000000,0x00000003da74ed40,0x00000003fdd80000)
 Metaspace       used 2671K, capacity 4564K, committed 4864K, reserved 1056768K
  class space    used 274K, capacity 388K, committed 512K, reserved 1048576K
Event: 4.163 GC heap after
Heap after GC invocations=7 (full 0):
 PSYoungGen      total 2183680K, used 141807K [0x0000000671580000, 0x0000000785c80000, 0x00000007c0000000)
  eden space 2041856K, 0% used [0x0000000671580000,0x0000000671580000,0x00000006edf80000)
  from space 141824K, 99% used [0x00000006edf80000,0x00000006f69fbeb8,0x00000006f6a00000)
  to   space 222720K, 0% used [0x0000000778300000,0x0000000778300000,0x0000000785c80000)
 ParOldGen       total 685568K, used 210269K [0x00000003d4000000, 0x00000003fdd80000, 0x0000000671580000)
  object space 685568K, 30% used [0x00000003d4000000,0x00000003e0d577a8,0x00000003fdd80000)
 Metaspace       used 2671K, capacity 4564K, committed 4864K, reserved 1056768K
  class space    used 274K, capacity 388K, committed 512K, reserved 1048576K
}
Event: 4.501 GC heap before
{Heap before GC invocations=8 (full 0):
 PSYoungGen      total 2183680K, used 2183663K [0x0000000671580000, 0x0000000785c80000, 0x00000007c0000000)
  eden space 2041856K, 100% used [0x0000000671580000,0x00000006edf80000,0x00000006edf80000)
  from space 141824K, 99% used [0x00000006edf80000,0x00000006f69fbeb8,0x00000006f6a00000)
  to   space 222720K, 0% used [0x0000000778300000,0x0000000778300000,0x0000000785c80000)
 ParOldGen       total 685568K, used 210269K [0x00000003d4000000, 0x00000003fdd80000, 0x0000000671580000)
  object space 685568K, 30% used [0x00000003d4000000,0x00000003e0d577a8,0x00000003fdd80000)
 Metaspace       used 2671K, capacity 4564K, committed 4864K, reserved 1056768K
  class space    used 274K, capacity 388K, committed 512K, reserved 1048576K
Event: 4.614 GC heap after
Heap after GC invocations=8 (full 0):
 PSYoungGen      total 4233216K, used 222710K [0x0000000671580000, 0x000000078eb80000, 0x00000007c0000000)
  eden space 4010496K, 0% used [0x0000000671580000,0x0000000671580000,0x0000000766200000)
  from space 222720K, 99% used [0x0000000778300000,0x0000000785c7d910,0x0000000785c80000)
  to   space 295936K, 0% used [0x0000000766200000,0x0000000766200000,0x0000000778300000)
 ParOldGen       total 685568K, used 280254K [0x00000003d4000000, 0x00000003fdd80000, 0x0000000671580000)
  object space 685568K, 40% used [0x00000003d4000000,0x00000003e51afa18,0x00000003fdd80000)
 Metaspace       used 2671K, capacity 4564K, committed 4864K, reserved 1056768K
  class space    used 274K, capacity 388K, committed 512K, reserved 1048576K
}
Event: 5.332 GC heap before
{Heap before GC invocations=9 (full 0):
 PSYoungGen      total 4233216K, used 4233206K [0x0000000671580000, 0x000000078eb80000, 0x00000007c0000000)
  eden space 4010496K, 100% used [0x0000000671580000,0x0000000766200000,0x0000000766200000)
  from space 222720K, 99% used [0x0000000778300000,0x0000000785c7d910,0x0000000785c80000)
  to   space 295936K, 0% used [0x0000000766200000,0x0000000766200000,0x0000000778300000)
 ParOldGen       total 685568K, used 280254K [0x00000003d4000000, 0x00000003fdd80000, 0x0000000671580000)
  object space 685568K, 40% used [0x00000003d4000000,0x00000003e51afa18,0x00000003fdd80000)
 Metaspace       used 2671K, capacity 4564K, committed 4864K, reserved 1056768K
  class space    used 274K, capacity 388K, committed 512K, reserved 1048576K

Deoptimization events (10 events):
Event: 1.210 Thread 0x00007fb91c1a9800 Uncommon trap: reason=unstable_if action=reinterpret pc=0x00007fb90d304c84 method=sarw.TwoDimensionWalk.selfAvoidingWalk(I)V @ 246
Event: 1.210 Thread 0x00007fb91c16d800 Uncommon trap: reason=unstable_if action=reinterpret pc=0x00007fb90d304c84 method=sarw.TwoDimensionWalk.selfAvoidingWalk(I)V @ 246
Event: 1.236 Thread 0x00007fb91c179800 Uncommon trap: reason=unstable_if action=reinterpret pc=0x00007fb90d304c84 method=sarw.TwoDimensionWalk.selfAvoidingWalk(I)V @ 246
Event: 1.249 Thread 0x00007fb91c19d800 Uncommon trap: reason=unstable_if action=reinterpret pc=0x00007fb90d304c84 method=sarw.TwoDimensionWalk.selfAvoidingWalk(I)V @ 246
Event: 1.258 Thread 0x00007fb91c18e000 Uncommon trap: reason=unstable_if action=reinterpret pc=0x00007fb90d304c84 method=sarw.TwoDimensionWalk.selfAvoidingWalk(I)V @ 246
Event: 1.270 Thread 0x00007fb91c16a000 Uncommon trap: reason=unstable_if action=reinterpret pc=0x00007fb90d304c84 method=sarw.TwoDimensionWalk.selfAvoidingWalk(I)V @ 246
Event: 1.286 Thread 0x00007fb91c17b800 Uncommon trap: reason=unstable_if action=reinterpret pc=0x00007fb90d304c84 method=sarw.TwoDimensionWalk.selfAvoidingWalk(I)V @ 246
Event: 1.289 Thread 0x00007fb91c1b0800 Uncommon trap: reason=unstable_if action=reinterpret pc=0x00007fb90d304c84 method=sarw.TwoDimensionWalk.selfAvoidingWalk(I)V @ 246
Event: 1.302 Thread 0x00007fb91c196800 Uncommon trap: reason=unstable_if action=reinterpret pc=0x00007fb90d304c84 method=sarw.TwoDimensionWalk.selfAvoidingWalk(I)V @ 246
Event: 1.373 Thread 0x00007fb91c1ba000 Uncommon trap: reason=unstable_if action=reinterpret pc=0x00007fb90d304c84 method=sarw.TwoDimensionWalk.selfAvoidingWalk(I)V @ 246

Classes redefined (0 events):
No events

Internal exceptions (5 events):
Event: 0.055 Thread 0x00007fb91c00b800 Exception <a 'java/lang/NoSuchMethodError': Method sun.misc.Unsafe.defineClass(Ljava/lang/String;[BII)Ljava/lang/Class; name or signature does not match> (0x0000000671587cb8) thrown at [/build/openjdk-8-OqY7zN/openjdk-8-8u222-b10/src/hotspot/src/share/vm/
Event: 0.055 Thread 0x00007fb91c00b800 Exception <a 'java/lang/NoSuchMethodError': Method sun.misc.Unsafe.prefetchRead(Ljava/lang/Object;J)V name or signature does not match> (0x0000000671587fa0) thrown at [/build/openjdk-8-OqY7zN/openjdk-8-8u222-b10/src/hotspot/src/share/vm/prims/jni.cpp, lin
Event: 0.111 Thread 0x00007fb91c00b800 Exception <a 'java/util/zip/ZipException'> (0x00000006715dd458) thrown at [/build/openjdk-8-OqY7zN/openjdk-8-8u222-b10/src/hotspot/src/share/vm/prims/jni.cpp, line 710]
Event: 0.111 Thread 0x00007fb91c00b800 Exception <a 'java/security/PrivilegedActionException'> (0x00000006715dd6f8) thrown at [/build/openjdk-8-OqY7zN/openjdk-8-8u222-b10/src/hotspot/src/share/vm/prims/jvm.cpp, line 1502]
Event: 0.111 Thread 0x00007fb91c00b800 Exception <a 'java/security/PrivilegedActionException'> (0x00000006715dd908) thrown at [/build/openjdk-8-OqY7zN/openjdk-8-8u222-b10/src/hotspot/src/share/vm/prims/jvm.cpp, line 1502]

Events (10 events):
Event: 5.329 Thread 0x00007fb91c16d800 Thread exited: 0x00007fb91c16d800
Event: 5.329 Thread 0x00007fb91c208800 Thread exited: 0x00007fb91c208800
Event: 5.329 Thread 0x00007fb91c22c800 Thread exited: 0x00007fb91c22c800
Event: 5.329 Thread 0x00007fb91c1ca800 Thread exited: 0x00007fb91c1ca800
Event: 5.329 Thread 0x00007fb91c19c000 Thread exited: 0x00007fb91c19c000
Event: 5.329 Thread 0x00007fb91c204800 Thread exited: 0x00007fb91c204800
Event: 5.329 Thread 0x00007fb91c212000 Thread exited: 0x00007fb91c212000
Event: 5.329 Thread 0x00007fb91c217800 Thread exited: 0x00007fb91c217800
Event: 5.329 Thread 0x00007fb91c1b4800 Thread exited: 0x00007fb91c1b4800
Event: 5.332 Thread 0x00007fb91c234000 Thread added: 0x00007fb91c234000


Dynamic libraries:
3d4000000-3fdd80000 rw-p 00000000 00:00 0 
3fdd80000-671580000 ---p 00000000 00:00 0 
671580000-78eb80000 rw-p 00000000 00:00 0 
78eb80000-7c0000000 ---p 00000000 00:00 0 
7c0000000-7c0080000 rw-p 00000000 00:00 0 
7c0080000-800000000 ---p 00000000 00:00 0 
55a506d68000-55a506d69000 r-xp 00000000 103:03 2630170                   /usr/lib/jvm/java-8-openjdk-amd64/jre/bin/java
55a506f68000-55a506f69000 r--p 00000000 103:03 2630170                   /usr/lib/jvm/java-8-openjdk-amd64/jre/bin/java
55a506f69000-55a506f6a000 rw-p 00001000 103:03 2630170                   /usr/lib/jvm/java-8-openjdk-amd64/jre/bin/java
55a507fc7000-55a507fe8000 rw-p 00000000 00:00 0                          [heap]
7fb67c000000-7fb67c021000 rw-p 00000000 00:00 0 
7fb67c021000-7fb680000000 ---p 00000000 00:00 0 
7fb680000000-7fb680021000 rw-p 00000000 00:00 0 
7fb680021000-7fb684000000 ---p 00000000 00:00 0 
7fb684000000-7fb684021000 rw-p 00000000 00:00 0 
7fb684021000-7fb688000000 ---p 00000000 00:00 0 
7fb688000000-7fb688021000 rw-p 00000000 00:00 0 
7fb688021000-7fb68c000000 ---p 00000000 00:00 0 
7fb68c000000-7fb68c021000 rw-p 00000000 00:00 0 
7fb68c021000-7fb690000000 ---p 00000000 00:00 0 
7fb690000000-7fb690021000 rw-p 00000000 00:00 0 
7fb690021000-7fb694000000 ---p 00000000 00:00 0 
7fb694000000-7fb694021000 rw-p 00000000 00:00 0 
7fb694021000-7fb698000000 ---p 00000000 00:00 0 
7fb698000000-7fb698021000 rw-p 00000000 00:00 0 
7fb698021000-7fb69c000000 ---p 00000000 00:00 0 
7fb69c000000-7fb69c021000 rw-p 00000000 00:00 0 
7fb69c021000-7fb6a0000000 ---p 00000000 00:00 0 
7fb6a0000000-7fb6a0021000 rw-p 00000000 00:00 0 
7fb6a0021000-7fb6a4000000 ---p 00000000 00:00 0 
7fb6a4000000-7fb6a4021000 rw-p 00000000 00:00 0 
7fb6a4021000-7fb6a8000000 ---p 00000000 00:00 0 
7fb6a8000000-7fb6a8021000 rw-p 00000000 00:00 0 
7fb6a8021000-7fb6ac000000 ---p 00000000 00:00 0 
7fb6ac000000-7fb6ac021000 rw-p 00000000 00:00 0 
7fb6ac021000-7fb6b0000000 ---p 00000000 00:00 0 
7fb6b0000000-7fb6b0021000 rw-p 00000000 00:00 0 
7fb6b0021000-7fb6b4000000 ---p 00000000 00:00 0 
7fb6b4000000-7fb6b4021000 rw-p 00000000 00:00 0 
7fb6b4021000-7fb6b8000000 ---p 00000000 00:00 0 
7fb6b8000000-7fb6b8021000 rw-p 00000000 00:00 0 
7fb6b8021000-7fb6bc000000 ---p 00000000 00:00 0 
7fb6bc000000-7fb6bc021000 rw-p 00000000 00:00 0 
7fb6bc021000-7fb6c0000000 ---p 00000000 00:00 0 
7fb6c0000000-7fb6c0021000 rw-p 00000000 00:00 0 
7fb6c0021000-7fb6c4000000 ---p 00000000 00:00 0 
7fb6c4000000-7fb6c4021000 rw-p 00000000 00:00 0 
7fb6c4021000-7fb6c8000000 ---p 00000000 00:00 0 
7fb6c8000000-7fb6c8021000 rw-p 00000000 00:00 0 
7fb6c8021000-7fb6cc000000 ---p 00000000 00:00 0 
7fb6cc000000-7fb6cc021000 rw-p 00000000 00:00 0 
7fb6cc021000-7fb6d0000000 ---p 00000000 00:00 0 
7fb6d0000000-7fb6d0021000 rw-p 00000000 00:00 0 
7fb6d0021000-7fb6d4000000 ---p 00000000 00:00 0 
7fb6d4000000-7fb6d4021000 rw-p 00000000 00:00 0 
7fb6d4021000-7fb6d8000000 ---p 00000000 00:00 0 
7fb6d8000000-7fb6d8021000 rw-p 00000000 00:00 0 
7fb6d8021000-7fb6dc000000 ---p 00000000 00:00 0 
7fb6dc000000-7fb6dc021000 rw-p 00000000 00:00 0 
7fb6dc021000-7fb6e0000000 ---p 00000000 00:00 0 
7fb6e0000000-7fb6e0021000 rw-p 00000000 00:00 0 
7fb6e0021000-7fb6e4000000 ---p 00000000 00:00 0 
7fb6e4000000-7fb6e4021000 rw-p 00000000 00:00 0 
7fb6e4021000-7fb6e8000000 ---p 00000000 00:00 0 
7fb6e8000000-7fb6e8021000 rw-p 00000000 00:00 0 
7fb6e8021000-7fb6ec000000 ---p 00000000 00:00 0 
7fb6ec000000-7fb6ec021000 rw-p 00000000 00:00 0 
7fb6ec021000-7fb6f0000000 ---p 00000000 00:00 0 
7fb6f0000000-7fb6f0021000 rw-p 00000000 00:00 0 
7fb6f0021000-7fb6f4000000 ---p 00000000 00:00 0 
7fb6f4000000-7fb6f4021000 rw-p 00000000 00:00 0 
7fb6f4021000-7fb6f8000000 ---p 00000000 00:00 0 
7fb6f8000000-7fb6f8021000 rw-p 00000000 00:00 0 
7fb6f8021000-7fb6fc000000 ---p 00000000 00:00 0 
7fb6fc000000-7fb6fc021000 rw-p 00000000 00:00 0 
7fb6fc021000-7fb700000000 ---p 00000000 00:00 0 
7fb700000000-7fb700021000 rw-p 00000000 00:00 0 
7fb700021000-7fb704000000 ---p 00000000 00:00 0 
7fb704000000-7fb704021000 rw-p 00000000 00:00 0 
7fb704021000-7fb708000000 ---p 00000000 00:00 0 
7fb708000000-7fb708021000 rw-p 00000000 00:00 0 
7fb708021000-7fb70c000000 ---p 00000000 00:00 0 
7fb70c000000-7fb70c021000 rw-p 00000000 00:00 0 
7fb70c021000-7fb710000000 ---p 00000000 00:00 0 
7fb710000000-7fb710021000 rw-p 00000000 00:00 0 
7fb710021000-7fb714000000 ---p 00000000 00:00 0 
7fb714000000-7fb714021000 rw-p 00000000 00:00 0 
7fb714021000-7fb718000000 ---p 00000000 00:00 0 
7fb718000000-7fb718021000 rw-p 00000000 00:00 0 
7fb718021000-7fb71c000000 ---p 00000000 00:00 0 
7fb71c000000-7fb71c021000 rw-p 00000000 00:00 0 
7fb71c021000-7fb720000000 ---p 00000000 00:00 0 
7fb720000000-7fb720021000 rw-p 00000000 00:00 0 
7fb720021000-7fb724000000 ---p 00000000 00:00 0 
7fb724000000-7fb724021000 rw-p 00000000 00:00 0 
7fb724021000-7fb728000000 ---p 00000000 00:00 0 
7fb728000000-7fb728021000 rw-p 00000000 00:00 0 
7fb728021000-7fb72c000000 ---p 00000000 00:00 0 
7fb72c000000-7fb72c021000 rw-p 00000000 00:00 0 
7fb72c021000-7fb730000000 ---p 00000000 00:00 0 
7fb730000000-7fb730021000 rw-p 00000000 00:00 0 
7fb730021000-7fb734000000 ---p 00000000 00:00 0 
7fb734000000-7fb734021000 rw-p 00000000 00:00 0 
7fb734021000-7fb738000000 ---p 00000000 00:00 0 
7fb738000000-7fb738021000 rw-p 00000000 00:00 0 
7fb738021000-7fb73c000000 ---p 00000000 00:00 0 
7fb73c000000-7fb73c021000 rw-p 00000000 00:00 0 
7fb73c021000-7fb740000000 ---p 00000000 00:00 0 
7fb740000000-7fb740021000 rw-p 00000000 00:00 0 
7fb740021000-7fb744000000 ---p 00000000 00:00 0 
7fb744000000-7fb744021000 rw-p 00000000 00:00 0 
7fb744021000-7fb748000000 ---p 00000000 00:00 0 
7fb748000000-7fb748021000 rw-p 00000000 00:00 0 
7fb748021000-7fb74c000000 ---p 00000000 00:00 0 
7fb74c000000-7fb74c021000 rw-p 00000000 00:00 0 
7fb74c021000-7fb750000000 ---p 00000000 00:00 0 
7fb750000000-7fb750021000 rw-p 00000000 00:00 0 
7fb750021000-7fb754000000 ---p 00000000 00:00 0 
7fb754000000-7fb754021000 rw-p 00000000 00:00 0 
7fb754021000-7fb758000000 ---p 00000000 00:00 0 
7fb758000000-7fb758021000 rw-p 00000000 00:00 0 
7fb758021000-7fb75c000000 ---p 00000000 00:00 0 
7fb75c000000-7fb75c021000 rw-p 00000000 00:00 0 
7fb75c021000-7fb760000000 ---p 00000000 00:00 0 
7fb760000000-7fb760021000 rw-p 00000000 00:00 0 
7fb760021000-7fb764000000 ---p 00000000 00:00 0 
7fb764000000-7fb764021000 rw-p 00000000 00:00 0 
7fb764021000-7fb768000000 ---p 00000000 00:00 0 
7fb768000000-7fb768021000 rw-p 00000000 00:00 0 
7fb768021000-7fb76c000000 ---p 00000000 00:00 0 
7fb76c000000-7fb76c021000 rw-p 00000000 00:00 0 
7fb76c021000-7fb770000000 ---p 00000000 00:00 0 
7fb770000000-7fb770021000 rw-p 00000000 00:00 0 
7fb770021000-7fb774000000 ---p 00000000 00:00 0 
7fb774000000-7fb774021000 rw-p 00000000 00:00 0 
7fb774021000-7fb778000000 ---p 00000000 00:00 0 
7fb778000000-7fb778021000 rw-p 00000000 00:00 0 
7fb778021000-7fb77c000000 ---p 00000000 00:00 0 
7fb77c000000-7fb77c021000 rw-p 00000000 00:00 0 
7fb77c021000-7fb780000000 ---p 00000000 00:00 0 
7fb780000000-7fb780021000 rw-p 00000000 00:00 0 
7fb780021000-7fb784000000 ---p 00000000 00:00 0 
7fb784000000-7fb784021000 rw-p 00000000 00:00 0 
7fb784021000-7fb788000000 ---p 00000000 00:00 0 
7fb788000000-7fb788021000 rw-p 00000000 00:00 0 
7fb788021000-7fb78c000000 ---p 00000000 00:00 0 
7fb78c000000-7fb78c021000 rw-p 00000000 00:00 0 
7fb78c021000-7fb790000000 ---p 00000000 00:00 0 
7fb7937f8000-7fb7937fb000 ---p 00000000 00:00 0 
7fb7937fb000-7fb7938f9000 rw-p 00000000 00:00 0 
7fb7938f9000-7fb7938fc000 ---p 00000000 00:00 0 
7fb7938fc000-7fb7939fa000 rw-p 00000000 00:00 0 
7fb7939fa000-7fb7939fd000 ---p 00000000 00:00 0 
7fb7939fd000-7fb793afb000 rw-p 00000000 00:00 0 
7fb793afb000-7fb793afe000 ---p 00000000 00:00 0 
7fb793afe000-7fb793bfc000 rw-p 00000000 00:00 0 
7fb793bfc000-7fb793bff000 ---p 00000000 00:00 0 
7fb793bff000-7fb793cfd000 rw-p 00000000 00:00 0 
7fb793cfd000-7fb793d00000 ---p 00000000 00:00 0 
7fb793d00000-7fb793dfe000 rw-p 00000000 00:00 0 
7fb793dfe000-7fb793e01000 ---p 00000000 00:00 0 
7fb793e01000-7fb793eff000 rw-p 00000000 00:00 0 
7fb794000000-7fb794021000 rw-p 00000000 00:00 0 
7fb794021000-7fb798000000 ---p 00000000 00:00 0 
7fb7981c2000-7fb7981c5000 ---p 00000000 00:00 0 
7fb7981c5000-7fb7982c3000 rw-p 00000000 00:00 0 
7fb7986c7000-7fb7986ca000 ---p 00000000 00:00 0 
7fb7986ca000-7fb7987c8000 rw-p 00000000 00:00 0 
7fb7988c9000-7fb7988cc000 ---p 00000000 00:00 0 
7fb7988cc000-7fb7989ca000 rw-p 00000000 00:00 0 
7fb798acb000-7fb798ace000 ---p 00000000 00:00 0 
7fb798ace000-7fb798bcc000 rw-p 00000000 00:00 0 
7fb798dce000-7fb798dd1000 ---p 00000000 00:00 0 
7fb798dd1000-7fb798ecf000 rw-p 00000000 00:00 0 
7fb798ecf000-7fb798ed2000 ---p 00000000 00:00 0 
7fb798ed2000-7fb798fd0000 rw-p 00000000 00:00 0 
7fb7992d3000-7fb7992d6000 ---p 00000000 00:00 0 
7fb7992d6000-7fb7993d4000 rw-p 00000000 00:00 0 
7fb799cdd000-7fb799ce0000 ---p 00000000 00:00 0 
7fb799ce0000-7fb799dde000 rw-p 00000000 00:00 0 
7fb799dde000-7fb799de1000 ---p 00000000 00:00 0 
7fb799de1000-7fb799edf000 rw-p 00000000 00:00 0 
7fb799fe0000-7fb799fe3000 ---p 00000000 00:00 0 
7fb799fe3000-7fb79a0e1000 rw-p 00000000 00:00 0 
7fb79a0e1000-7fb79a0e4000 ---p 00000000 00:00 0 
7fb79a0e4000-7fb79a1e2000 rw-p 00000000 00:00 0 
7fb79a3e4000-7fb79a3e7000 ---p 00000000 00:00 0 
7fb79a3e7000-7fb79a4e5000 rw-p 00000000 00:00 0 
7fb79a8e9000-7fb79a8ec000 ---p 00000000 00:00 0 
7fb79a8ec000-7fb79a9ea000 rw-p 00000000 00:00 0 
7fb79a9ea000-7fb79a9ed000 ---p 00000000 00:00 0 
7fb79a9ed000-7fb79aaeb000 rw-p 00000000 00:00 0 
7fb79aaeb000-7fb79aaee000 ---p 00000000 00:00 0 
7fb79aaee000-7fb79abec000 rw-p 00000000 00:00 0 
7fb79b0f1000-7fb79b0f4000 ---p 00000000 00:00 0 
7fb79b0f4000-7fb79b1f2000 rw-p 00000000 00:00 0 
7fb79b2f3000-7fb79b2f6000 ---p 00000000 00:00 0 
7fb79b2f6000-7fb79b3f4000 rw-p 00000000 00:00 0 
7fb79b6f7000-7fb79b6fa000 ---p 00000000 00:00 0 
7fb79b6fa000-7fb79b7f8000 rw-p 00000000 00:00 0 
7fb79bcfd000-7fb79bd00000 ---p 00000000 00:00 0 
7fb79bd00000-7fb79bdfe000 rw-p 00000000 00:00 0 
7fb79beff000-7fb79bf02000 ---p 00000000 00:00 0 
7fb79bf02000-7fb79c000000 rw-p 00000000 00:00 0 
7fb79c000000-7fb79c021000 rw-p 00000000 00:00 0 
7fb79c021000-7fb7a0000000 ---p 00000000 00:00 0 
7fb7a0000000-7fb7a0021000 rw-p 00000000 00:00 0 
7fb7a0021000-7fb7a4000000 ---p 00000000 00:00 0 
7fb7a4000000-7fb7a4021000 rw-p 00000000 00:00 0 
7fb7a4021000-7fb7a8000000 ---p 00000000 00:00 0 
7fb7a8000000-7fb7a8021000 rw-p 00000000 00:00 0 
7fb7a8021000-7fb7ac000000 ---p 00000000 00:00 0 
7fb7ac000000-7fb7ac021000 rw-p 00000000 00:00 0 
7fb7ac021000-7fb7b0000000 ---p 00000000 00:00 0 
7fb7b0000000-7fb7b0021000 rw-p 00000000 00:00 0 
7fb7b0021000-7fb7b4000000 ---p 00000000 00:00 0 
7fb7b4000000-7fb7b4021000 rw-p 00000000 00:00 0 
7fb7b4021000-7fb7b8000000 ---p 00000000 00:00 0 
7fb7b8000000-7fb7b8021000 rw-p 00000000 00:00 0 
7fb7b8021000-7fb7bc000000 ---p 00000000 00:00 0 
7fb7bc000000-7fb7bc021000 rw-p 00000000 00:00 0 
7fb7bc021000-7fb7c0000000 ---p 00000000 00:00 0 
7fb7c0000000-7fb7c0021000 rw-p 00000000 00:00 0 
7fb7c0021000-7fb7c4000000 ---p 00000000 00:00 0 
7fb7c4000000-7fb7c4021000 rw-p 00000000 00:00 0 
7fb7c4021000-7fb7c8000000 ---p 00000000 00:00 0 
7fb7c8000000-7fb7c8021000 rw-p 00000000 00:00 0 
7fb7c8021000-7fb7cc000000 ---p 00000000 00:00 0 
7fb7cc000000-7fb7cc021000 rw-p 00000000 00:00 0 
7fb7cc021000-7fb7d0000000 ---p 00000000 00:00 0 
7fb7d0000000-7fb7d0021000 rw-p 00000000 00:00 0 
7fb7d0021000-7fb7d4000000 ---p 00000000 00:00 0 
7fb7d4000000-7fb7d4021000 rw-p 00000000 00:00 0 
7fb7d4021000-7fb7d8000000 ---p 00000000 00:00 0 
7fb7d8000000-7fb7d8021000 rw-p 00000000 00:00 0 
7fb7d8021000-7fb7dc000000 ---p 00000000 00:00 0 
7fb7dc000000-7fb7dc021000 rw-p 00000000 00:00 0 
7fb7dc021000-7fb7e0000000 ---p 00000000 00:00 0 
7fb7e0000000-7fb7e0021000 rw-p 00000000 00:00 0 
7fb7e0021000-7fb7e4000000 ---p 00000000 00:00 0 
7fb7e4000000-7fb7e4021000 rw-p 00000000 00:00 0 
7fb7e4021000-7fb7e8000000 ---p 00000000 00:00 0 
7fb7e8000000-7fb7e8021000 rw-p 00000000 00:00 0 
7fb7e8021000-7fb7ec000000 ---p 00000000 00:00 0 
7fb7ec000000-7fb7ec021000 rw-p 00000000 00:00 0 
7fb7ec021000-7fb7f0000000 ---p 00000000 00:00 0 
7fb7f0000000-7fb7f0021000 rw-p 00000000 00:00 0 
7fb7f0021000-7fb7f4000000 ---p 00000000 00:00 0 
7fb7f4000000-7fb7f4021000 rw-p 00000000 00:00 0 
7fb7f4021000-7fb7f8000000 ---p 00000000 00:00 0 
7fb7f8000000-7fb7f8021000 rw-p 00000000 00:00 0 
7fb7f8021000-7fb7fc000000 ---p 00000000 00:00 0 
7fb7fc000000-7fb7fc021000 rw-p 00000000 00:00 0 
7fb7fc021000-7fb800000000 ---p 00000000 00:00 0 
7fb800000000-7fb800021000 rw-p 00000000 00:00 0 
7fb800021000-7fb804000000 ---p 00000000 00:00 0 
7fb804000000-7fb804021000 rw-p 00000000 00:00 0 
7fb804021000-7fb808000000 ---p 00000000 00:00 0 
7fb808000000-7fb808021000 rw-p 00000000 00:00 0 
7fb808021000-7fb80c000000 ---p 00000000 00:00 0 
7fb80c000000-7fb80c021000 rw-p 00000000 00:00 0 
7fb80c021000-7fb810000000 ---p 00000000 00:00 0 
7fb810000000-7fb810021000 rw-p 00000000 00:00 0 
7fb810021000-7fb814000000 ---p 00000000 00:00 0 
7fb814000000-7fb814021000 rw-p 00000000 00:00 0 
7fb814021000-7fb818000000 ---p 00000000 00:00 0 
7fb818000000-7fb818021000 rw-p 00000000 00:00 0 
7fb818021000-7fb81c000000 ---p 00000000 00:00 0 
7fb81c000000-7fb81c021000 rw-p 00000000 00:00 0 
7fb81c021000-7fb820000000 ---p 00000000 00:00 0 
7fb820000000-7fb820021000 rw-p 00000000 00:00 0 
7fb820021000-7fb824000000 ---p 00000000 00:00 0 
7fb824000000-7fb824021000 rw-p 00000000 00:00 0 
7fb824021000-7fb828000000 ---p 00000000 00:00 0 
7fb828000000-7fb828021000 rw-p 00000000 00:00 0 
7fb828021000-7fb82c000000 ---p 00000000 00:00 0 
7fb82c000000-7fb82c021000 rw-p 00000000 00:00 0 
7fb82c021000-7fb830000000 ---p 00000000 00:00 0 
7fb830000000-7fb830021000 rw-p 00000000 00:00 0 
7fb830021000-7fb834000000 ---p 00000000 00:00 0 
7fb834000000-7fb834021000 rw-p 00000000 00:00 0 
7fb834021000-7fb838000000 ---p 00000000 00:00 0 
7fb838000000-7fb838021000 rw-p 00000000 00:00 0 
7fb838021000-7fb83c000000 ---p 00000000 00:00 0 
7fb83c000000-7fb83c021000 rw-p 00000000 00:00 0 
7fb83c021000-7fb840000000 ---p 00000000 00:00 0 
7fb840000000-7fb840021000 rw-p 00000000 00:00 0 
7fb840021000-7fb844000000 ---p 00000000 00:00 0 
7fb844000000-7fb844021000 rw-p 00000000 00:00 0 
7fb844021000-7fb848000000 ---p 00000000 00:00 0 
7fb848000000-7fb848021000 rw-p 00000000 00:00 0 
7fb848021000-7fb84c000000 ---p 00000000 00:00 0 
7fb84c000000-7fb84c021000 rw-p 00000000 00:00 0 
7fb84c021000-7fb850000000 ---p 00000000 00:00 0 
7fb850000000-7fb850021000 rw-p 00000000 00:00 0 
7fb850021000-7fb854000000 ---p 00000000 00:00 0 
7fb854000000-7fb854021000 rw-p 00000000 00:00 0 
7fb854021000-7fb858000000 ---p 00000000 00:00 0 
7fb858000000-7fb858067000 rw-p 00000000 00:00 0 
7fb858067000-7fb85c000000 ---p 00000000 00:00 0 
7fb85c000000-7fb85c0bd000 rw-p 00000000 00:00 0 
7fb85c0bd000-7fb860000000 ---p 00000000 00:00 0 
7fb860000000-7fb860021000 rw-p 00000000 00:00 0 
7fb860021000-7fb864000000 ---p 00000000 00:00 0 
7fb864000000-7fb864079000 rw-p 00000000 00:00 0 
7fb864079000-7fb868000000 ---p 00000000 00:00 0 
7fb868000000-7fb868066000 rw-p 00000000 00:00 0 
7fb868066000-7fb86c000000 ---p 00000000 00:00 0 
7fb86c000000-7fb86c023000 rw-p 00000000 00:00 0 
7fb86c023000-7fb870000000 ---p 00000000 00:00 0 
7fb870000000-7fb870056000 rw-p 00000000 00:00 0 
7fb870056000-7fb874000000 ---p 00000000 00:00 0 
7fb874000000-7fb8740a1000 rw-p 00000000 00:00 0 
7fb8740a1000-7fb878000000 ---p 00000000 00:00 0 
7fb878000000-7fb878488000 rw-p 00000000 00:00 0 
7fb878488000-7fb87c000000 ---p 00000000 00:00 0 
7fb87c000000-7fb87c066000 rw-p 00000000 00:00 0 
7fb87c066000-7fb880000000 ---p 00000000 00:00 0 
7fb880000000-7fb8804fc000 rw-p 00000000 00:00 0 
7fb8804fc000-7fb884000000 ---p 00000000 00:00 0 
7fb884000000-7fb884871000 rw-p 00000000 00:00 0 
7fb884871000-7fb888000000 ---p 00000000 00:00 0 
7fb888000000-7fb888021000 rw-p 00000000 00:00 0 
7fb888021000-7fb88c000000 ---p 00000000 00:00 0 
7fb88c0fc000-7fb88c0ff000 ---p 00000000 00:00 0 
7fb88c0ff000-7fb88c1fd000 rw-p 00000000 00:00 0 
7fb88c500000-7fb88c503000 ---p 00000000 00:00 0 
7fb88c503000-7fb88c601000 rw-p 00000000 00:00 0 
7fb88c702000-7fb88c705000 ---p 00000000 00:00 0 
7fb88c705000-7fb88c803000 rw-p 00000000 00:00 0 
7fb88ce09000-7fb88ce0c000 ---p 00000000 00:00 0 
7fb88ce0c000-7fb88cf0a000 rw-p 00000000 00:00 0 
7fb88d40f000-7fb88d412000 ---p 00000000 00:00 0 
7fb88d412000-7fb88d510000 rw-p 00000000 00:00 0 
7fb88dc17000-7fb88dc1a000 ---p 00000000 00:00 0 
7fb88dc1a000-7fb88dd18000 rw-p 00000000 00:00 0 
7fb88dd18000-7fb88dd1b000 ---p 00000000 00:00 0 
7fb88dd1b000-7fb88de19000 rw-p 00000000 00:00 0 
7fb88de19000-7fb88de1c000 ---p 00000000 00:00 0 
7fb88de1c000-7fb88df1a000 rw-p 00000000 00:00 0 
7fb88e01b000-7fb88e01e000 ---p 00000000 00:00 0 
7fb88e01e000-7fb88e11c000 rw-p 00000000 00:00 0 
7fb88e21d000-7fb88e220000 ---p 00000000 00:00 0 
7fb88e220000-7fb88e31e000 rw-p 00000000 00:00 0 
7fb88e31e000-7fb88e321000 ---p 00000000 00:00 0 
7fb88e321000-7fb88e41f000 rw-p 00000000 00:00 0 
7fb88e41f000-7fb88e422000 ---p 00000000 00:00 0 
7fb88e422000-7fb88e520000 rw-p 00000000 00:00 0 
7fb88e621000-7fb88e624000 ---p 00000000 00:00 0 
7fb88e624000-7fb88e722000 rw-p 00000000 00:00 0 
7fb88e722000-7fb88e725000 ---p 00000000 00:00 0 
7fb88e725000-7fb88e823000 rw-p 00000000 00:00 0 
7fb88e823000-7fb88e826000 ---p 00000000 00:00 0 
7fb88e826000-7fb88e924000 rw-p 00000000 00:00 0 
7fb88e924000-7fb88e927000 ---p 00000000 00:00 0 
7fb88e927000-7fb88ea25000 rw-p 00000000 00:00 0 
7fb88eb26000-7fb88eb29000 ---p 00000000 00:00 0 
7fb88eb29000-7fb88ec27000 rw-p 00000000 00:00 0 
7fb88ec27000-7fb88ec2a000 ---p 00000000 00:00 0 
7fb88ec2a000-7fb88ed28000 rw-p 00000000 00:00 0 
7fb88ed28000-7fb88ed29000 ---p 00000000 00:00 0 
7fb88ed29000-7fb88ee29000 rw-p 00000000 00:00 0 
7fb88ee29000-7fb88ee2c000 ---p 00000000 00:00 0 
7fb88ee2c000-7fb88ef2a000 rw-p 00000000 00:00 0 
7fb88ef2a000-7fb88ef2b000 ---p 00000000 00:00 0 
7fb88ef2b000-7fb88ef2e000 ---p 00000000 00:00 0 
7fb88ef2e000-7fb88f02b000 rw-p 00000000 00:00 0 
7fb88f02b000-7fb88f02c000 ---p 00000000 00:00 0 
7fb88f02c000-7fb88f02f000 ---p 00000000 00:00 0 
7fb88f02f000-7fb88f12c000 rw-p 00000000 00:00 0 
7fb88f12c000-7fb88f12d000 ---p 00000000 00:00 0 
7fb88f12d000-7fb88f130000 ---p 00000000 00:00 0 
7fb88f130000-7fb88f22d000 rw-p 00000000 00:00 0 
7fb88f22d000-7fb88f22e000 ---p 00000000 00:00 0 
7fb88f22e000-7fb88f231000 ---p 00000000 00:00 0 
7fb88f231000-7fb88f32e000 rw-p 00000000 00:00 0 
7fb88f32e000-7fb88f32f000 ---p 00000000 00:00 0 
7fb88f32f000-7fb88f332000 ---p 00000000 00:00 0 
7fb88f332000-7fb88f42f000 rw-p 00000000 00:00 0 
7fb88f42f000-7fb88f430000 ---p 00000000 00:00 0 
7fb88f430000-7fb88f433000 ---p 00000000 00:00 0 
7fb88f433000-7fb88f530000 rw-p 00000000 00:00 0 
7fb88f530000-7fb88f531000 ---p 00000000 00:00 0 
7fb88f531000-7fb88f534000 ---p 00000000 00:00 0 
7fb88f534000-7fb88f631000 rw-p 00000000 00:00 0 
7fb88f631000-7fb890000000 r--p 00000000 103:03 2628276                   /usr/lib/locale/locale-archive
7fb890000000-7fb890021000 rw-p 00000000 00:00 0 
7fb890021000-7fb894000000 ---p 00000000 00:00 0 
7fb894000000-7fb894021000 rw-p 00000000 00:00 0 
7fb894021000-7fb898000000 ---p 00000000 00:00 0 
7fb898000000-7fb898021000 rw-p 00000000 00:00 0 
7fb898021000-7fb89c000000 ---p 00000000 00:00 0 
7fb89c0f7000-7fb89c0f8000 ---p 00000000 00:00 0 
7fb89c0f8000-7fb89c0fb000 ---p 00000000 00:00 0 
7fb89c0fb000-7fb89c1f8000 rw-p 00000000 00:00 0 
7fb89c1f8000-7fb89c1f9000 ---p 00000000 00:00 0 
7fb89c1f9000-7fb89c1fc000 ---p 00000000 00:00 0 
7fb89c1fc000-7fb89c2f9000 rw-p 00000000 00:00 0 
7fb89c2f9000-7fb89c2fa000 ---p 00000000 00:00 0 
7fb89c2fa000-7fb89c2fd000 ---p 00000000 00:00 0 
7fb89c2fd000-7fb89c3fa000 rw-p 00000000 00:00 0 
7fb89c3fa000-7fb89c3fb000 ---p 00000000 00:00 0 
7fb89c3fb000-7fb89c3fe000 ---p 00000000 00:00 0 
7fb89c3fe000-7fb89c4fb000 rw-p 00000000 00:00 0 
7fb89c4fb000-7fb89c4fc000 ---p 00000000 00:00 0 
7fb89c4fc000-7fb89c4ff000 ---p 00000000 00:00 0 
7fb89c4ff000-7fb89c5fc000 rw-p 00000000 00:00 0 
7fb89c5fc000-7fb89c5ff000 ---p 00000000 00:00 0 
7fb89c5ff000-7fb89c6fd000 rw-p 00000000 00:00 0 
7fb89c6fd000-7fb89c700000 ---p 00000000 00:00 0 
7fb89c700000-7fb89c7fe000 rw-p 00000000 00:00 0 
7fb89c7fe000-7fb89c801000 ---p 00000000 00:00 0 
7fb89c801000-7fb89c8ff000 rw-p 00000000 00:00 0 
7fb89c8ff000-7fb89c900000 ---p 00000000 00:00 0 
7fb89c900000-7fb8bc000000 rw-p 00000000 00:00 0 
7fb8bc000000-7fb8bc021000 rw-p 00000000 00:00 0 
7fb8bc021000-7fb8c0000000 ---p 00000000 00:00 0 
7fb8c0000000-7fb8c0021000 rw-p 00000000 00:00 0 
7fb8c0021000-7fb8c4000000 ---p 00000000 00:00 0 
7fb8c4000000-7fb8c4021000 rw-p 00000000 00:00 0 
7fb8c4021000-7fb8c8000000 ---p 00000000 00:00 0 
7fb8c8000000-7fb8c8021000 rw-p 00000000 00:00 0 
7fb8c8021000-7fb8cc000000 ---p 00000000 00:00 0 
7fb8cc000000-7fb8cc021000 rw-p 00000000 00:00 0 
7fb8cc021000-7fb8d0000000 ---p 00000000 00:00 0 
7fb8d0043000-7fb8d005e000 r--s 00394000 103:03 2636515                   /usr/lib/jvm/java-8-openjdk-amd64/jre/lib/ext/cldrdata.jar
7fb8d005e000-7fb8d0079000 r--s 001d6000 103:03 2636520                   /usr/lib/jvm/java-8-openjdk-amd64/jre/lib/ext/nashorn.jar
7fb8d0079000-7fb8d3c40000 rw-p 00000000 00:00 0 
7fb8d3c40000-7fb8d4000000 ---p 00000000 00:00 0 
7fb8d4000000-7fb8d4021000 rw-p 00000000 00:00 0 
7fb8d4021000-7fb8d8000000 ---p 00000000 00:00 0 
7fb8d8000000-7fb8d8021000 rw-p 00000000 00:00 0 
7fb8d8021000-7fb8dc000000 ---p 00000000 00:00 0 
7fb8dc000000-7fb8dc021000 rw-p 00000000 00:00 0 
7fb8dc021000-7fb8e0000000 ---p 00000000 00:00 0 
7fb8e0000000-7fb8e0021000 rw-p 00000000 00:00 0 
7fb8e0021000-7fb8e4000000 ---p 00000000 00:00 0 
7fb8e4000000-7fb8e4021000 rw-p 00000000 00:00 0 
7fb8e4021000-7fb8e8000000 ---p 00000000 00:00 0 
7fb8e8000000-7fb8e8021000 rw-p 00000000 00:00 0 
7fb8e8021000-7fb8ec000000 ---p 00000000 00:00 0 
7fb8ec000000-7fb8ec021000 rw-p 00000000 00:00 0 
7fb8ec021000-7fb8f0000000 ---p 00000000 00:00 0 
7fb8f0000000-7fb8f0021000 rw-p 00000000 00:00 0 
7fb8f0021000-7fb8f4000000 ---p 00000000 00:00 0 
7fb8f4000000-7fb8f4021000 rw-p 00000000 00:00 0 
7fb8f4021000-7fb8f8000000 ---p 00000000 00:00 0 
7fb8f8000000-7fb8f8021000 rw-p 00000000 00:00 0 
7fb8f8021000-7fb8fc000000 ---p 00000000 00:00 0 
7fb8fc000000-7fb8fc021000 rw-p 00000000 00:00 0 
7fb8fc021000-7fb900000000 ---p 00000000 00:00 0 
7fb900000000-7fb900021000 rw-p 00000000 00:00 0 
7fb900021000-7fb904000000 ---p 00000000 00:00 0 
7fb904000000-7fb904021000 rw-p 00000000 00:00 0 
7fb904021000-7fb908000000 ---p 00000000 00:00 0 
7fb908006000-7fb90842b000 rw-p 00000000 00:00 0 
7fb90842b000-7fb9085fb000 r--s 03c5c000 103:03 2636544                   /usr/lib/jvm/java-8-openjdk-amd64/jre/lib/rt.jar
7fb9085fb000-7fb90a695000 rw-p 00000000 00:00 0 
7fb90a695000-7fb90a696000 ---p 00000000 00:00 0 
7fb90a696000-7fb90a796000 rw-p 00000000 00:00 0 
7fb90a796000-7fb90a797000 ---p 00000000 00:00 0 
7fb90a797000-7fb90a897000 rw-p 00000000 00:00 0 
7fb90a897000-7fb90a898000 ---p 00000000 00:00 0 
7fb90a898000-7fb90a998000 rw-p 00000000 00:00 0 
7fb90a998000-7fb90a999000 ---p 00000000 00:00 0 
7fb90a999000-7fb90aa99000 rw-p 00000000 00:00 0 
7fb90aa99000-7fb90aa9a000 ---p 00000000 00:00 0 
7fb90aa9a000-7fb90ab9a000 rw-p 00000000 00:00 0 
7fb90ab9a000-7fb90ab9b000 ---p 00000000 00:00 0 
7fb90ab9b000-7fb90ac9b000 rw-p 00000000 00:00 0 
7fb90ac9b000-7fb90ac9c000 ---p 00000000 00:00 0 
7fb90ac9c000-7fb90ad9c000 rw-p 00000000 00:00 0 
7fb90ad9c000-7fb90ad9d000 ---p 00000000 00:00 0 
7fb90ad9d000-7fb90ae9d000 rw-p 00000000 00:00 0 
7fb90ae9d000-7fb90ae9e000 ---p 00000000 00:00 0 
7fb90ae9e000-7fb90af9e000 rw-p 00000000 00:00 0 
7fb90af9e000-7fb90af9f000 ---p 00000000 00:00 0 
7fb90af9f000-7fb90b1ee000 rw-p 00000000 00:00 0 
7fb90b1ee000-7fb90c589000 ---p 00000000 00:00 0 
7fb90c589000-7fb90ce75000 rw-p 00000000 00:00 0 
7fb90ce75000-7fb90cfff000 ---p 00000000 00:00 0 
7fb90cfff000-7fb90d000000 rw-p 00000000 00:00 0 
7fb90d000000-7fb90d350000 rwxp 00000000 00:00 0 
7fb90d350000-7fb91c000000 ---p 00000000 00:00 0 
7fb91c000000-7fb91c23c000 rw-p 00000000 00:00 0 
7fb91c23c000-7fb920000000 ---p 00000000 00:00 0 
7fb920006000-7fb92007c000 rw-p 00000000 00:00 0 
7fb92007c000-7fb92007d000 ---p 00000000 00:00 0 
7fb92007d000-7fb92017d000 rw-p 00000000 00:00 0 
7fb92017d000-7fb92017e000 ---p 00000000 00:00 0 
7fb92017e000-7fb92027e000 rw-p 00000000 00:00 0 
7fb92027e000-7fb92027f000 ---p 00000000 00:00 0 
7fb92027f000-7fb92037f000 rw-p 00000000 00:00 0 
7fb92037f000-7fb920380000 ---p 00000000 00:00 0 
7fb920380000-7fb920480000 rw-p 00000000 00:00 0 
7fb920480000-7fb920481000 ---p 00000000 00:00 0 
7fb920481000-7fb920581000 rw-p 00000000 00:00 0 
7fb920581000-7fb920582000 ---p 00000000 00:00 0 
7fb920582000-7fb920682000 rw-p 00000000 00:00 0 
7fb920682000-7fb920683000 ---p 00000000 00:00 0 
7fb920683000-7fb920783000 rw-p 00000000 00:00 0 
7fb920783000-7fb920784000 ---p 00000000 00:00 0 
7fb920784000-7fb9209d3000 rw-p 00000000 00:00 0 
7fb9209d3000-7fb921d6f000 ---p 00000000 00:00 0 
7fb921d6f000-7fb921d7d000 rw-p 00000000 00:00 0 
7fb921d7d000-7fb92212f000 ---p 00000000 00:00 0 
7fb92212f000-7fb922137000 r-xp 00000000 103:03 2636501                   /usr/lib/jvm/java-8-openjdk-amd64/jre/lib/amd64/libzip.so
7fb922137000-7fb922336000 ---p 00008000 103:03 2636501                   /usr/lib/jvm/java-8-openjdk-amd64/jre/lib/amd64/libzip.so
7fb922336000-7fb922337000 r--p 00007000 103:03 2636501                   /usr/lib/jvm/java-8-openjdk-amd64/jre/lib/amd64/libzip.so
7fb922337000-7fb922338000 rw-p 00008000 103:03 2636501                   /usr/lib/jvm/java-8-openjdk-amd64/jre/lib/amd64/libzip.so
7fb922338000-7fb922343000 r-xp 00000000 103:03 398547                    /lib/x86_64-linux-gnu/libnss_files-2.27.so
7fb922343000-7fb922542000 ---p 0000b000 103:03 398547                    /lib/x86_64-linux-gnu/libnss_files-2.27.so
7fb922542000-7fb922543000 r--p 0000a000 103:03 398547                    /lib/x86_64-linux-gnu/libnss_files-2.27.so
7fb922543000-7fb922544000 rw-p 0000b000 103:03 398547                    /lib/x86_64-linux-gnu/libnss_files-2.27.so
7fb922544000-7fb92254a000 rw-p 00000000 00:00 0 
7fb92254a000-7fb922561000 r-xp 00000000 103:03 398541                    /lib/x86_64-linux-gnu/libnsl-2.27.so
7fb922561000-7fb922760000 ---p 00017000 103:03 398541                    /lib/x86_64-linux-gnu/libnsl-2.27.so
7fb922760000-7fb922761000 r--p 00016000 103:03 398541                    /lib/x86_64-linux-gnu/libnsl-2.27.so
7fb922761000-7fb922762000 rw-p 00017000 103:03 398541                    /lib/x86_64-linux-gnu/libnsl-2.27.so
7fb922762000-7fb922764000 rw-p 00000000 00:00 0 
7fb922764000-7fb92276f000 r-xp 00000000 103:03 398558                    /lib/x86_64-linux-gnu/libnss_nis-2.27.so
7fb92276f000-7fb92296e000 ---p 0000b000 103:03 398558                    /lib/x86_64-linux-gnu/libnss_nis-2.27.so
7fb92296e000-7fb92296f000 r--p 0000a000 103:03 398558                    /lib/x86_64-linux-gnu/libnss_nis-2.27.so
7fb92296f000-7fb922970000 rw-p 0000b000 103:03 398558                    /lib/x86_64-linux-gnu/libnss_nis-2.27.so
7fb922970000-7fb922978000 r-xp 00000000 103:03 398543                    /lib/x86_64-linux-gnu/libnss_compat-2.27.so
7fb922978000-7fb922b78000 ---p 00008000 103:03 398543                    /lib/x86_64-linux-gnu/libnss_compat-2.27.so
7fb922b78000-7fb922b79000 r--p 00008000 103:03 398543                    /lib/x86_64-linux-gnu/libnss_compat-2.27.so
7fb922b79000-7fb922b7a000 rw-p 00009000 103:03 398543                    /lib/x86_64-linux-gnu/libnss_compat-2.27.so
7fb922b7a000-7fb922ba4000 r-xp 00000000 103:03 2636482                   /usr/lib/jvm/java-8-openjdk-amd64/jre/lib/amd64/libjava.so
7fb922ba4000-7fb922da3000 ---p 0002a000 103:03 2636482                   /usr/lib/jvm/java-8-openjdk-amd64/jre/lib/amd64/libjava.so
7fb922da3000-7fb922da4000 r--p 00029000 103:03 2636482                   /usr/lib/jvm/java-8-openjdk-amd64/jre/lib/amd64/libjava.so
7fb922da4000-7fb922da6000 rw-p 0002a000 103:03 2636482                   /usr/lib/jvm/java-8-openjdk-amd64/jre/lib/amd64/libjava.so
7fb922da6000-7fb922db6000 r-xp 00000000 103:03 2636500                   /usr/lib/jvm/java-8-openjdk-amd64/jre/lib/amd64/libverify.so
7fb922db6000-7fb922fb5000 ---p 00010000 103:03 2636500                   /usr/lib/jvm/java-8-openjdk-amd64/jre/lib/amd64/libverify.so
7fb922fb5000-7fb922fb7000 r--p 0000f000 103:03 2636500                   /usr/lib/jvm/java-8-openjdk-amd64/jre/lib/amd64/libverify.so
7fb922fb7000-7fb922fb8000 rw-p 00011000 103:03 2636500                   /usr/lib/jvm/java-8-openjdk-amd64/jre/lib/amd64/libverify.so
7fb922fb8000-7fb922fbf000 r-xp 00000000 103:03 398598                    /lib/x86_64-linux-gnu/librt-2.27.so
7fb922fbf000-7fb9231be000 ---p 00007000 103:03 398598                    /lib/x86_64-linux-gnu/librt-2.27.so
7fb9231be000-7fb9231bf000 r--p 00006000 103:03 398598                    /lib/x86_64-linux-gnu/librt-2.27.so
7fb9231bf000-7fb9231c0000 rw-p 00007000 103:03 398598                    /lib/x86_64-linux-gnu/librt-2.27.so
7fb9231c0000-7fb9231d7000 r-xp 00000000 103:03 398494                    /lib/x86_64-linux-gnu/libgcc_s.so.1
7fb9231d7000-7fb9233d6000 ---p 00017000 103:03 398494                    /lib/x86_64-linux-gnu/libgcc_s.so.1
7fb9233d6000-7fb9233d7000 r--p 00016000 103:03 398494                    /lib/x86_64-linux-gnu/libgcc_s.so.1
7fb9233d7000-7fb9233d8000 rw-p 00017000 103:03 398494                    /lib/x86_64-linux-gnu/libgcc_s.so.1
7fb9233d8000-7fb923575000 r-xp 00000000 103:03 398520                    /lib/x86_64-linux-gnu/libm-2.27.so
7fb923575000-7fb923774000 ---p 0019d000 103:03 398520                    /lib/x86_64-linux-gnu/libm-2.27.so
7fb923774000-7fb923775000 r--p 0019c000 103:03 398520                    /lib/x86_64-linux-gnu/libm-2.27.so
7fb923775000-7fb923776000 rw-p 0019d000 103:03 398520                    /lib/x86_64-linux-gnu/libm-2.27.so
7fb923776000-7fb9238ef000 r-xp 00000000 103:03 2630508                   /usr/lib/x86_64-linux-gnu/libstdc++.so.6.0.25
7fb9238ef000-7fb923aef000 ---p 00179000 103:03 2630508                   /usr/lib/x86_64-linux-gnu/libstdc++.so.6.0.25
7fb923aef000-7fb923af9000 r--p 00179000 103:03 2630508                   /usr/lib/x86_64-linux-gnu/libstdc++.so.6.0.25
7fb923af9000-7fb923afb000 rw-p 00183000 103:03 2630508                   /usr/lib/x86_64-linux-gnu/libstdc++.so.6.0.25
7fb923afb000-7fb923aff000 rw-p 00000000 00:00 0 
7fb923aff000-7fb92479e000 r-xp 00000000 103:03 2636504                   /usr/lib/jvm/java-8-openjdk-amd64/jre/lib/amd64/server/libjvm.so
7fb92479e000-7fb92499e000 ---p 00c9f000 103:03 2636504                   /usr/lib/jvm/java-8-openjdk-amd64/jre/lib/amd64/server/libjvm.so
7fb92499e000-7fb924a32000 r--p 00c9f000 103:03 2636504                   /usr/lib/jvm/java-8-openjdk-amd64/jre/lib/amd64/server/libjvm.so
7fb924a32000-7fb924a5b000 rw-p 00d33000 103:03 2636504                   /usr/lib/jvm/java-8-openjdk-amd64/jre/lib/amd64/server/libjvm.so
7fb924a5b000-7fb924a8b000 rw-p 00000000 00:00 0 
7fb924a8b000-7fb924aa5000 r-xp 00000000 103:03 398590                    /lib/x86_64-linux-gnu/libpthread-2.27.so
7fb924aa5000-7fb924ca4000 ---p 0001a000 103:03 398590                    /lib/x86_64-linux-gnu/libpthread-2.27.so
7fb924ca4000-7fb924ca5000 r--p 00019000 103:03 398590                    /lib/x86_64-linux-gnu/libpthread-2.27.so
7fb924ca5000-7fb924ca6000 rw-p 0001a000 103:03 398590                    /lib/x86_64-linux-gnu/libpthread-2.27.so
7fb924ca6000-7fb924caa000 rw-p 00000000 00:00 0 
7fb924caa000-7fb924cad000 r-xp 00000000 103:03 398480                    /lib/x86_64-linux-gnu/libdl-2.27.so
7fb924cad000-7fb924eac000 ---p 00003000 103:03 398480                    /lib/x86_64-linux-gnu/libdl-2.27.so
7fb924eac000-7fb924ead000 r--p 00002000 103:03 398480                    /lib/x86_64-linux-gnu/libdl-2.27.so
7fb924ead000-7fb924eae000 rw-p 00003000 103:03 398480                    /lib/x86_64-linux-gnu/libdl-2.27.so
7fb924eae000-7fb924eca000 r-xp 00000000 103:03 398629                    /lib/x86_64-linux-gnu/libz.so.1.2.11
7fb924eca000-7fb9250c9000 ---p 0001c000 103:03 398629                    /lib/x86_64-linux-gnu/libz.so.1.2.11
7fb9250c9000-7fb9250ca000 r--p 0001b000 103:03 398629                    /lib/x86_64-linux-gnu/libz.so.1.2.11
7fb9250ca000-7fb9250cb000 rw-p 0001c000 103:03 398629                    /lib/x86_64-linux-gnu/libz.so.1.2.11
7fb9250cb000-7fb9252b2000 r-xp 00000000 103:03 398457                    /lib/x86_64-linux-gnu/libc-2.27.so
7fb9252b2000-7fb9254b2000 ---p 001e7000 103:03 398457                    /lib/x86_64-linux-gnu/libc-2.27.so
7fb9254b2000-7fb9254b6000 r--p 001e7000 103:03 398457                    /lib/x86_64-linux-gnu/libc-2.27.so
7fb9254b6000-7fb9254b8000 rw-p 001eb000 103:03 398457                    /lib/x86_64-linux-gnu/libc-2.27.so
7fb9254b8000-7fb9254bc000 rw-p 00000000 00:00 0 
7fb9254bc000-7fb9254ca000 r-xp 00000000 103:03 2636468                   /usr/lib/jvm/java-8-openjdk-amd64/jre/lib/amd64/jli/libjli.so
7fb9254ca000-7fb9256c9000 ---p 0000e000 103:03 2636468                   /usr/lib/jvm/java-8-openjdk-amd64/jre/lib/amd64/jli/libjli.so
7fb9256c9000-7fb9256ca000 r--p 0000d000 103:03 2636468                   /usr/lib/jvm/java-8-openjdk-amd64/jre/lib/amd64/jli/libjli.so
7fb9256ca000-7fb9256cb000 rw-p 0000e000 103:03 2636468                   /usr/lib/jvm/java-8-openjdk-amd64/jre/lib/amd64/jli/libjli.so
7fb9256cb000-7fb9256f2000 r-xp 00000000 103:03 398429                    /lib/x86_64-linux-gnu/ld-2.27.so
7fb9256f5000-7fb9256f7000 r--s 00007000 103:03 3025241                   /usr/share/java/java-atk-wrapper.jar
7fb9256f7000-7fb925701000 r--s 00116000 103:03 2636519                   /usr/lib/jvm/java-8-openjdk-amd64/jre/lib/ext/localedata.jar
7fb925701000-7fb9257d2000 rw-p 00000000 00:00 0 
7fb9257d2000-7fb9257d3000 ---p 00000000 00:00 0 
7fb9257d3000-7fb9257d6000 ---p 00000000 00:00 0 
7fb9257d6000-7fb9258d5000 rw-p 00000000 00:00 0 
7fb9258d6000-7fb9258d9000 r--s 00039000 103:03 2636523                   /usr/lib/jvm/java-8-openjdk-amd64/jre/lib/ext/sunpkcs11.jar
7fb9258d9000-7fb9258da000 r--s 0000d000 103:03 2636521                   /usr/lib/jvm/java-8-openjdk-amd64/jre/lib/ext/sunec.jar
7fb9258da000-7fb9258db000 r--s 00010000 103:03 2636524                   /usr/lib/jvm/java-8-openjdk-amd64/jre/lib/ext/zipfs.jar
7fb9258db000-7fb9258dd000 r--s 00001000 103:03 2636516                   /usr/lib/jvm/java-8-openjdk-amd64/jre/lib/ext/dnsns.jar
7fb9258dd000-7fb9258de000 r--s 0000a000 103:03 2636518                   /usr/lib/jvm/java-8-openjdk-amd64/jre/lib/ext/jaccess.jar
7fb9258de000-7fb9258e3000 r--s 0003c000 103:03 2636522                   /usr/lib/jvm/java-8-openjdk-amd64/jre/lib/ext/sunjce_provider.jar
7fb9258e3000-7fb9258e6000 r--s 0000f000 103:03 2636517                   /usr/lib/jvm/java-8-openjdk-amd64/jre/lib/ext/icedtea-sound.jar
7fb9258e6000-7fb9258ee000 rw-s 00000000 103:03 5512451                   /tmp/hsperfdata_adnanrahin/15650
7fb9258ee000-7fb9258ef000 rw-p 00000000 00:00 0 
7fb9258ef000-7fb9258f0000 ---p 00000000 00:00 0 
7fb9258f0000-7fb9258f2000 rw-p 00000000 00:00 0 
7fb9258f2000-7fb9258f3000 r--p 00027000 103:03 398429                    /lib/x86_64-linux-gnu/ld-2.27.so
7fb9258f3000-7fb9258f4000 rw-p 00028000 103:03 398429                    /lib/x86_64-linux-gnu/ld-2.27.so
7fb9258f4000-7fb9258f5000 rw-p 00000000 00:00 0 
7ffebaafb000-7ffebab1c000 rw-p 00000000 00:00 0                          [stack]
7ffebab92000-7ffebab95000 r--p 00000000 00:00 0                          [vvar]
7ffebab95000-7ffebab96000 r-xp 00000000 00:00 0                          [vdso]
ffffffffff600000-ffffffffff601000 r-xp 00000000 00:00 0                  [vsyscall]

VM Arguments:
jvm_args: -Dfile.encoding=UTF-8 
java_command: sarw.Main
java_class_path (initial): /home/adnanrahin/source-code/eclipse-workspace/Self-Avoiding-Random-Walk/bin
Launcher Type: SUN_STANDARD

Environment Variables:
JAVA_HOME=/usr/lib/jvm/java-8-openjdk-amd64
PATH=/home/adnanrahin/bin:/usr/local/sbin:/usr/local/bin:/usr/sbin:/usr/bin:/sbin:/bin:/usr/games:/usr/local/games:/snap/bin:/home/adnanrahin/bin:/usr/lib/jvm/java-8-openjdk-amd64/bin
USERNAME=adnanrahin
SHELL=/bin/bash
DISPLAY=:0

Signal Handlers:
SIGSEGV: [libjvm.so+0xab92f0], sa_mask[0]=11111111011111111101111111111110, sa_flags=SA_RESTART|SA_SIGINFO
SIGBUS: [libjvm.so+0xab92f0], sa_mask[0]=11111111011111111101111111111110, sa_flags=SA_RESTART|SA_SIGINFO
SIGFPE: [libjvm.so+0x8ee560], sa_mask[0]=11111111011111111101111111111110, sa_flags=SA_RESTART|SA_SIGINFO
SIGPIPE: [libjvm.so+0x8ee560], sa_mask[0]=11111111011111111101111111111110, sa_flags=SA_RESTART|SA_SIGINFO
SIGXFSZ: [libjvm.so+0x8ee560], sa_mask[0]=11111111011111111101111111111110, sa_flags=SA_RESTART|SA_SIGINFO
SIGILL: [libjvm.so+0x8ee560], sa_mask[0]=11111111011111111101111111111110, sa_flags=SA_RESTART|SA_SIGINFO
SIGUSR1: SIG_DFL, sa_mask[0]=00000000000000000000000000000000, sa_flags=none
SIGUSR2: [libjvm.so+0x8ee410], sa_mask[0]=00100000000000000000000000000000, sa_flags=SA_RESTART|SA_SIGINFO
SIGHUP: [libjvm.so+0x8eea80], sa_mask[0]=11111111011111111101111111111110, sa_flags=SA_RESTART|SA_SIGINFO
SIGINT: [libjvm.so+0x8eea80], sa_mask[0]=11111111011111111101111111111110, sa_flags=SA_RESTART|SA_SIGINFO
SIGTERM: [libjvm.so+0x8eea80], sa_mask[0]=11111111011111111101111111111110, sa_flags=SA_RESTART|SA_SIGINFO
SIGQUIT: [libjvm.so+0x8eea80], sa_mask[0]=11111111011111111101111111111110, sa_flags=SA_RESTART|SA_SIGINFO


---------------  S Y S T E M  ---------------

OS:DISTRIB_ID=Ubuntu
DISTRIB_RELEASE=18.04
DISTRIB_CODENAME=bionic
DISTRIB_DESCRIPTION="Ubuntu 18.04.3 LTS"

uname:Linux 5.0.0-27-generic #28~18.04.1-Ubuntu SMP Thu Aug 22 03:00:32 UTC 2019 x86_64
libc:glibc 2.27 NPTL 2.27 
rlimit: STACK 8192k, CORE 0k, NPROC 256833, NOFILE 1048576, AS infinity
load average:19.80 9.47 4.24

/proc/meminfo:
MemTotal:       65797208 kB
MemFree:        22630528 kB
MemAvailable:   27477372 kB
Buffers:          167056 kB
Cached:         14135004 kB
SwapCached:            0 kB
Active:         30428416 kB
Inactive:       11809364 kB
Active(anon):   28791776 kB
Inactive(anon):  8091700 kB
Active(file):    1636640 kB
Inactive(file):  3717664 kB
Unevictable:          96 kB
Mlocked:              96 kB
SwapTotal:      63998972 kB
SwapFree:       63998972 kB
Dirty:              1804 kB
Writeback:             0 kB
AnonPages:      27935808 kB
Mapped:          9469136 kB
Shmem:           8947764 kB
KReclaimable:     174852 kB
Slab:             306664 kB
SReclaimable:     174852 kB
SUnreclaim:       131812 kB
KernelStack:       24280 kB
PageTables:       159548 kB
NFS_Unstable:          0 kB
Bounce:                0 kB
WritebackTmp:          0 kB
CommitLimit:    96897576 kB
Committed_AS:   51416712 kB
VmallocTotal:   34359738367 kB
VmallocUsed:           0 kB
VmallocChunk:          0 kB
Percpu:             7296 kB
HardwareCorrupted:     0 kB
AnonHugePages:         0 kB
ShmemHugePages:        0 kB
ShmemPmdMapped:        0 kB
CmaTotal:              0 kB
CmaFree:               0 kB
HugePages_Total:       0
HugePages_Free:        0
HugePages_Rsvd:        0
HugePages_Surp:        0
Hugepagesize:       2048 kB
Hugetlb:               0 kB
DirectMap4k:      656112 kB
DirectMap2M:    27486208 kB
DirectMap1G:    39845888 kB

container (cgroup) information:
container_type: cgroupv1
cpu_cpuset_cpus: 0-23
cpu_memory_nodes: 0
active_processor_count: 24
cpu_quota: -1
cpu_period: 100000
cpu_shares: -1
memory_limit_in_bytes: -1
memory_and_swap_limit_in_bytes: -2
memory_soft_limit_in_bytes: -1
memory_usage_in_bytes: 43255304192
memory_max_usage_in_bytes: 0


CPU:total 24 (initial active 24) (12 cores per cpu, 2 threads per core) family 6 model 63 stepping 2, cmov, cx8, fxsr, mmx, sse, sse2, sse3, ssse3, sse4.1, sse4.2, popcnt, avx, avx2, aes, clmul, erms, lzcnt, ht, tsc, tscinvbit, bmi1, bmi2

/proc/cpuinfo:
processor	: 0
vendor_id	: GenuineIntel
cpu family	: 6
model		: 63
model name	: Genuine Intel(R) CPU @ 2.20GHz
stepping	: 2
microcode	: 0x43
cpu MHz		: 2499.771
cache size	: 30720 KB
physical id	: 0
siblings	: 24
core id		: 0
cpu cores	: 12
apicid		: 0
initial apicid	: 0
fpu		: yes
fpu_exception	: yes
cpuid level	: 15
wp		: yes
flags		: fpu vme de pse tsc msr pae mce cx8 apic sep mtrr pge mca cmov pat pse36 clflush dts acpi mmx fxsr sse sse2 ss ht tm pbe syscall nx pdpe1gb rdtscp lm constant_tsc arch_perfmon pebs bts rep_good nopl xtopology nonstop_tsc cpuid aperfmperf pni pclmulqdq dtes64 monitor ds_cpl vmx smx est tm2 ssse3 sdbg fma cx16 xtpr pdcm pcid dca sse4_1 sse4_2 x2apic movbe popcnt tsc_deadline_timer aes xsave avx f16c rdrand lahf_lm abm cpuid_fault epb invpcid_single pti intel_ppin ssbd ibrs ibpb stibp tpr_shadow vnmi flexpriority ept vpid ept_ad fsgsbase tsc_adjust bmi1 avx2 smep bmi2 erms invpcid cqm xsaveopt cqm_llc cqm_occup_llc dtherm ida arat pln pts md_clear flush_l1d
bugs		: cpu_meltdown spectre_v1 spectre_v2 spec_store_bypass l1tf mds swapgs
bogomips	: 4399.59
clflush size	: 64
cache_alignment	: 64
address sizes	: 46 bits physical, 48 bits virtual
power management:

processor	: 1
vendor_id	: GenuineIntel
cpu family	: 6
model		: 63
model name	: Genuine Intel(R) CPU @ 2.20GHz
stepping	: 2
microcode	: 0x43
cpu MHz		: 2499.771
cache size	: 30720 KB
physical id	: 0
siblings	: 24
core id		: 1
cpu cores	: 12
apicid		: 2
initial apicid	: 2
fpu		: yes
fpu_exception	: yes
cpuid level	: 15
wp		: yes
flags		: fpu vme de pse tsc msr pae mce cx8 apic sep mtrr pge mca cmov pat pse36 clflush dts acpi mmx fxsr sse sse2 ss ht tm pbe syscall nx pdpe1gb rdtscp lm constant_tsc arch_perfmon pebs bts rep_good nopl xtopology nonstop_tsc cpuid aperfmperf pni pclmulqdq dtes64 monitor ds_cpl vmx smx est tm2 ssse3 sdbg fma cx16 xtpr pdcm pcid dca sse4_1 sse4_2 x2apic movbe popcnt tsc_deadline_timer aes xsave avx f16c rdrand lahf_lm abm cpuid_fault epb invpcid_single pti intel_ppin ssbd ibrs ibpb stibp tpr_shadow vnmi flexpriority ept vpid ept_ad fsgsbase tsc_adjust bmi1 avx2 smep bmi2 erms invpcid cqm xsaveopt cqm_llc cqm_occup_llc dtherm ida arat pln pts md_clear flush_l1d
bugs		: cpu_meltdown spectre_v1 spectre_v2 spec_store_bypass l1tf mds swapgs
bogomips	: 4399.59
clflush size	: 64
cache_alignment	: 64
address sizes	: 46 bits physical, 48 bits virtual
power management:

processor	: 2
vendor_id	: GenuineIntel
cpu family	: 6
model		: 63
model name	: Genuine Intel(R) CPU @ 2.20GHz
stepping	: 2
microcode	: 0x43
cpu MHz		: 2499.771
cache size	: 30720 KB
physical id	: 0
siblings	: 24
core id		: 2
cpu cores	: 12
apicid		: 4
initial apicid	: 4
fpu		: yes
fpu_exception	: yes
cpuid level	: 15
wp		: yes
flags		: fpu vme de pse tsc msr pae mce cx8 apic sep mtrr pge mca cmov pat pse36 clflush dts acpi mmx fxsr sse sse2 ss ht tm pbe syscall nx pdpe1gb rdtscp lm constant_tsc arch_perfmon pebs bts rep_good nopl xtopology nonstop_tsc cpuid aperfmperf pni pclmulqdq dtes64 monitor ds_cpl vmx smx est tm2 ssse3 sdbg fma cx16 xtpr pdcm pcid dca sse4_1 sse4_2 x2apic movbe popcnt tsc_deadline_timer aes xsave avx f16c rdrand lahf_lm abm cpuid_fault epb invpcid_single pti intel_ppin ssbd ibrs ibpb stibp tpr_shadow vnmi flexpriority ept vpid ept_ad fsgsbase tsc_adjust bmi1 avx2 smep bmi2 erms invpcid cqm xsaveopt cqm_llc cqm_occup_llc dtherm ida arat pln pts md_clear flush_l1d
bugs		: cpu_meltdown spectre_v1 spectre_v2 spec_store_bypass l1tf mds swapgs
bogomips	: 4399.59
clflush size	: 64
cache_alignment	: 64
address sizes	: 46 bits physical, 48 bits virtual
power management:

processor	: 3
vendor_id	: GenuineIntel
cpu family	: 6
model		: 63
model name	: Genuine Intel(R) CPU @ 2.20GHz
stepping	: 2
microcode	: 0x43
cpu MHz		: 2499.771
cache size	: 30720 KB
physical id	: 0
siblings	: 24
core id		: 3
cpu cores	: 12
apicid		: 6
initial apicid	: 6
fpu		: yes
fpu_exception	: yes
cpuid level	: 15
wp		: yes
flags		: fpu vme de pse tsc msr pae mce cx8 apic sep mtrr pge mca cmov pat pse36 clflush dts acpi mmx fxsr sse sse2 ss ht tm pbe syscall nx pdpe1gb rdtscp lm constant_tsc arch_perfmon pebs bts rep_good nopl xtopology nonstop_tsc cpuid aperfmperf pni pclmulqdq dtes64 monitor ds_cpl vmx smx est tm2 ssse3 sdbg fma cx16 xtpr pdcm pcid dca sse4_1 sse4_2 x2apic movbe popcnt tsc_deadline_timer aes xsave avx f16c rdrand lahf_lm abm cpuid_fault epb invpcid_single pti intel_ppin ssbd ibrs ibpb stibp tpr_shadow vnmi flexpriority ept vpid ept_ad fsgsbase tsc_adjust bmi1 avx2 smep bmi2 erms invpcid cqm xsaveopt cqm_llc cqm_occup_llc dtherm ida arat pln pts md_clear flush_l1d
bugs		: cpu_meltdown spectre_v1 spectre_v2 spec_store_bypass l1tf mds swapgs
bogomips	: 4399.59
clflush size	: 64
cache_alignment	: 64
address sizes	: 46 bits physical, 48 bits virtual
power management:

processor	: 4
vendor_id	: GenuineIntel
cpu family	: 6
model		: 63
model name	: Genuine Intel(R) CPU @ 2.20GHz
stepping	: 2
microcode	: 0x43
cpu MHz		: 2499.771
cache size	: 30720 KB
physical id	: 0
siblings	: 24
core id		: 4
cpu cores	: 12
apicid		: 8
initial apicid	: 8
fpu		: yes
fpu_exception	: yes
cpuid level	: 15
wp		: yes
flags		: fpu vme de pse tsc msr pae mce cx8 apic sep mtrr pge mca cmov pat pse36 clflush dts acpi mmx fxsr sse sse2 ss ht tm pbe syscall nx pdpe1gb rdtscp lm constant_tsc arch_perfmon pebs bts rep_good nopl xtopology nonstop_tsc cpuid aperfmperf pni pclmulqdq dtes64 monitor ds_cpl vmx smx est tm2 ssse3 sdbg fma cx16 xtpr pdcm pcid dca sse4_1 sse4_2 x2apic movbe popcnt tsc_deadline_timer aes xsave avx f16c rdrand lahf_lm abm cpuid_fault epb invpcid_single pti intel_ppin ssbd ibrs ibpb stibp tpr_shadow vnmi flexpriority ept vpid ept_ad fsgsbase tsc_adjust bmi1 avx2 smep bmi2 erms invpcid cqm xsaveopt cqm_llc cqm_occup_llc dtherm ida arat pln pts md_clear flush_l1d
bugs		: cpu_meltdown spectre_v1 spectre_v2 spec_store_bypass l1tf mds swapgs
bogomips	: 4399.59
clflush size	: 64
cache_alignment	: 64
address sizes	: 46 bits physical, 48 bits virtual
power management:

processor	: 5
vendor_id	: GenuineIntel
cpu family	: 6
model		: 63
model name	: Genuine Intel(R) CPU @ 2.20GHz
stepping	: 2
microcode	: 0x43
cpu MHz		: 2499.771
cache size	: 30720 KB
physical id	: 0
siblings	: 24
core id		: 5
cpu cores	: 12
apicid		: 10
initial apicid	: 10
fpu		: yes
fpu_exception	: yes
cpuid level	: 15
wp		: yes
flags		: fpu vme de pse tsc msr pae mce cx8 apic sep mtrr pge mca cmov pat pse36 clflush dts acpi mmx fxsr sse sse2 ss ht tm pbe syscall nx pdpe1gb rdtscp lm constant_tsc arch_perfmon pebs bts rep_good nopl xtopology nonstop_tsc cpuid aperfmperf pni pclmulqdq dtes64 monitor ds_cpl vmx smx est tm2 ssse3 sdbg fma cx16 xtpr pdcm pcid dca sse4_1 sse4_2 x2apic movbe popcnt tsc_deadline_timer aes xsave avx f16c rdrand lahf_lm abm cpuid_fault epb invpcid_single pti intel_ppin ssbd ibrs ibpb stibp tpr_shadow vnmi flexpriority ept vpid ept_ad fsgsbase tsc_adjust bmi1 avx2 smep bmi2 erms invpcid cqm xsaveopt cqm_llc cqm_occup_llc dtherm ida arat pln pts md_clear flush_l1d
bugs		: cpu_meltdown spectre_v1 spectre_v2 spec_store_bypass l1tf mds swapgs
bogomips	: 4399.59
clflush size	: 64
cache_alignment	: 64
address sizes	: 46 bits physical, 48 bits virtual
power management:

processor	: 6
vendor_id	: GenuineIntel
cpu family	: 6
model		: 63
model name	: Genuine Intel(R) CPU @ 2.20GHz
stepping	: 2
microcode	: 0x43
cpu MHz		: 2499.771
cache size	: 30720 KB
physical id	: 0
siblings	: 24
core id		: 8
cpu cores	: 12
apicid		: 16
initial apicid	: 16
fpu		: yes
fpu_exception	: yes
cpuid level	: 15
wp		: yes
flags		: fpu vme de pse tsc msr pae mce cx8 apic sep mtrr pge mca cmov pat pse36 clflush dts acpi mmx fxsr sse sse2 ss ht tm pbe syscall nx pdpe1gb rdtscp lm constant_tsc arch_perfmon pebs bts rep_good nopl xtopology nonstop_tsc cpuid aperfmperf pni pclmulqdq dtes64 monitor ds_cpl vmx smx est tm2 ssse3 sdbg fma cx16 xtpr pdcm pcid dca sse4_1 sse4_2 x2apic movbe popcnt tsc_deadline_timer aes xsave avx f16c rdrand lahf_lm abm cpuid_fault epb invpcid_single pti intel_ppin ssbd ibrs ibpb stibp tpr_shadow vnmi flexpriority ept vpid ept_ad fsgsbase tsc_adjust bmi1 avx2 smep bmi2 erms invpcid cqm xsaveopt cqm_llc cqm_occup_llc dtherm ida arat pln pts md_clear flush_l1d
bugs		: cpu_meltdown spectre_v1 spectre_v2 spec_store_bypass l1tf mds swapgs
bogomips	: 4399.59
clflush size	: 64
cache_alignment	: 64
address sizes	: 46 bits physical, 48 bits virtual
power management:

processor	: 7
vendor_id	: GenuineIntel
cpu family	: 6
model		: 63
model name	: Genuine Intel(R) CPU @ 2.20GHz
stepping	: 2
microcode	: 0x43
cpu MHz		: 2499.771
cache size	: 30720 KB
physical id	: 0
siblings	: 24
core id		: 9
cpu cores	: 12
apicid		: 18
initial apicid	: 18
fpu		: yes
fpu_exception	: yes
cpuid level	: 15
wp		: yes
flags		: fpu vme de pse tsc msr pae mce cx8 apic sep mtrr pge mca cmov pat pse36 clflush dts acpi mmx fxsr sse sse2 ss ht tm pbe syscall nx pdpe1gb rdtscp lm constant_tsc arch_perfmon pebs bts rep_good nopl xtopology nonstop_tsc cpuid aperfmperf pni pclmulqdq dtes64 monitor ds_cpl vmx smx est tm2 ssse3 sdbg fma cx16 xtpr pdcm pcid dca sse4_1 sse4_2 x2apic movbe popcnt tsc_deadline_timer aes xsave avx f16c rdrand lahf_lm abm cpuid_fault epb invpcid_single pti intel_ppin ssbd ibrs ibpb stibp tpr_shadow vnmi flexpriority ept vpid ept_ad fsgsbase tsc_adjust bmi1 avx2 smep bmi2 erms invpcid cqm xsaveopt cqm_llc cqm_occup_llc dtherm ida arat pln pts md_clear flush_l1d
bugs		: cpu_meltdown spectre_v1 spectre_v2 spec_store_bypass l1tf mds swapgs
bogomips	: 4399.59
clflush size	: 64
cache_alignment	: 64
address sizes	: 46 bits physical, 48 bits virtual
power management:

processor	: 8
vendor_id	: GenuineIntel
cpu family	: 6
model		: 63
model name	: Genuine Intel(R) CPU @ 2.20GHz
stepping	: 2
microcode	: 0x43
cpu MHz		: 2499.771
cache size	: 30720 KB
physical id	: 0
siblings	: 24
core id		: 10
cpu cores	: 12
apicid		: 20
initial apicid	: 20
fpu		: yes
fpu_exception	: yes
cpuid level	: 15
wp		: yes
flags		: fpu vme de pse tsc msr pae mce cx8 apic sep mtrr pge mca cmov pat pse36 clflush dts acpi mmx fxsr sse sse2 ss ht tm pbe syscall nx pdpe1gb rdtscp lm constant_tsc arch_perfmon pebs bts rep_good nopl xtopology nonstop_tsc cpuid aperfmperf pni pclmulqdq dtes64 monitor ds_cpl vmx smx est tm2 ssse3 sdbg fma cx16 xtpr pdcm pcid dca sse4_1 sse4_2 x2apic movbe popcnt tsc_deadline_timer aes xsave avx f16c rdrand lahf_lm abm cpuid_fault epb invpcid_single pti intel_ppin ssbd ibrs ibpb stibp tpr_shadow vnmi flexpriority ept vpid ept_ad fsgsbase tsc_adjust bmi1 avx2 smep bmi2 erms invpcid cqm xsaveopt cqm_llc cqm_occup_llc dtherm ida arat pln pts md_clear flush_l1d
bugs		: cpu_meltdown spectre_v1 spectre_v2 spec_store_bypass l1tf mds swapgs
bogomips	: 4399.59
clflush size	: 64
cache_alignment	: 64
address sizes	: 46 bits physical, 48 bits virtual
power management:

processor	: 9
vendor_id	: GenuineIntel
cpu family	: 6
model		: 63
model name	: Genuine Intel(R) CPU @ 2.20GHz
stepping	: 2
microcode	: 0x43
cpu MHz		: 2499.771
cache size	: 30720 KB
physical id	: 0
siblings	: 24
core id		: 11
cpu cores	: 12
apicid		: 22
initial apicid	: 22
fpu		: yes
fpu_exception	: yes
cpuid level	: 15
wp		: yes
flags		: fpu vme de pse tsc msr pae mce cx8 apic sep mtrr pge mca cmov pat pse36 clflush dts acpi mmx fxsr sse sse2 ss ht tm pbe syscall nx pdpe1gb rdtscp lm constant_tsc arch_perfmon pebs bts rep_good nopl xtopology nonstop_tsc cpuid aperfmperf pni pclmulqdq dtes64 monitor ds_cpl vmx smx est tm2 ssse3 sdbg fma cx16 xtpr pdcm pcid dca sse4_1 sse4_2 x2apic movbe popcnt tsc_deadline_timer aes xsave avx f16c rdrand lahf_lm abm cpuid_fault epb invpcid_single pti intel_ppin ssbd ibrs ibpb stibp tpr_shadow vnmi flexpriority ept vpid ept_ad fsgsbase tsc_adjust bmi1 avx2 smep bmi2 erms invpcid cqm xsaveopt cqm_llc cqm_occup_llc dtherm ida arat pln pts md_clear flush_l1d
bugs		: cpu_meltdown spectre_v1 spectre_v2 spec_store_bypass l1tf mds swapgs
bogomips	: 4399.59
clflush size	: 64
cache_alignment	: 64
address sizes	: 46 bits physical, 48 bits virtual
power management:

processor	: 10
vendor_id	: GenuineIntel
cpu family	: 6
model		: 63
model name	: Genuine Intel(R) CPU @ 2.20GHz
stepping	: 2
microcode	: 0x43
cpu MHz		: 2499.771
cache size	: 30720 KB
physical id	: 0
siblings	: 24
core id		: 12
cpu cores	: 12
apicid		: 24
initial apicid	: 24
fpu		: yes
fpu_exception	: yes
cpuid level	: 15
wp		: yes
flags		: fpu vme de pse tsc msr pae mce cx8 apic sep mtrr pge mca cmov pat pse36 clflush dts acpi mmx fxsr sse sse2 ss ht tm pbe syscall nx pdpe1gb rdtscp lm constant_tsc arch_perfmon pebs bts rep_good nopl xtopology nonstop_tsc cpuid aperfmperf pni pclmulqdq dtes64 monitor ds_cpl vmx smx est tm2 ssse3 sdbg fma cx16 xtpr pdcm pcid dca sse4_1 sse4_2 x2apic movbe popcnt tsc_deadline_timer aes xsave avx f16c rdrand lahf_lm abm cpuid_fault epb invpcid_single pti intel_ppin ssbd ibrs ibpb stibp tpr_shadow vnmi flexpriority ept vpid ept_ad fsgsbase tsc_adjust bmi1 avx2 smep bmi2 erms invpcid cqm xsaveopt cqm_llc cqm_occup_llc dtherm ida arat pln pts md_clear flush_l1d
bugs		: cpu_meltdown spectre_v1 spectre_v2 spec_store_bypass l1tf mds swapgs
bogomips	: 4399.59
clflush size	: 64
cache_alignment	: 64
address sizes	: 46 bits physical, 48 bits virtual
power management:

processor	: 11
vendor_id	: GenuineIntel
cpu family	: 6
model		: 63
model name	: Genuine Intel(R) CPU @ 2.20GHz
stepping	: 2
microcode	: 0x43
cpu MHz		: 2499.770
cache size	: 30720 KB
physical id	: 0
siblings	: 24
core id		: 13
cpu cores	: 12
apicid		: 26
initial apicid	: 26
fpu		: yes
fpu_exception	: yes
cpuid level	: 15
wp		: yes
flags		: fpu vme de pse tsc msr pae mce cx8 apic sep mtrr pge mca cmov pat pse36 clflush dts acpi mmx fxsr sse sse2 ss ht tm pbe syscall nx pdpe1gb rdtscp lm constant_tsc arch_perfmon pebs bts rep_good nopl xtopology nonstop_tsc cpuid aperfmperf pni pclmulqdq dtes64 monitor ds_cpl vmx smx est tm2 ssse3 sdbg fma cx16 xtpr pdcm pcid dca sse4_1 sse4_2 x2apic movbe popcnt tsc_deadline_timer aes xsave avx f16c rdrand lahf_lm abm cpuid_fault epb invpcid_single pti intel_ppin ssbd ibrs ibpb stibp tpr_shadow vnmi flexpriority ept vpid ept_ad fsgsbase tsc_adjust bmi1 avx2 smep bmi2 erms invpcid cqm xsaveopt cqm_llc cqm_occup_llc dtherm ida arat pln pts md_clear flush_l1d
bugs		: cpu_meltdown spectre_v1 spectre_v2 spec_store_bypass l1tf mds swapgs
bogomips	: 4399.59
clflush size	: 64
cache_alignment	: 64
address sizes	: 46 bits physical, 48 bits virtual
power management:

processor	: 12
vendor_id	: GenuineIntel
cpu family	: 6
model		: 63
model name	: Genuine Intel(R) CPU @ 2.20GHz
stepping	: 2
microcode	: 0x43
cpu MHz		: 2499.772
cache size	: 30720 KB
physical id	: 0
siblings	: 24
core id		: 0
cpu cores	: 12
apicid		: 1
initial apicid	: 1
fpu		: yes
fpu_exception	: yes
cpuid level	: 15
wp		: yes
flags		: fpu vme de pse tsc msr pae mce cx8 apic sep mtrr pge mca cmov pat pse36 clflush dts acpi mmx fxsr sse sse2 ss ht tm pbe syscall nx pdpe1gb rdtscp lm constant_tsc arch_perfmon pebs bts rep_good nopl xtopology nonstop_tsc cpuid aperfmperf pni pclmulqdq dtes64 monitor ds_cpl vmx smx est tm2 ssse3 sdbg fma cx16 xtpr pdcm pcid dca sse4_1 sse4_2 x2apic movbe popcnt tsc_deadline_timer aes xsave avx f16c rdrand lahf_lm abm cpuid_fault epb invpcid_single pti intel_ppin ssbd ibrs ibpb stibp tpr_shadow vnmi flexpriority ept vpid ept_ad fsgsbase tsc_adjust bmi1 avx2 smep bmi2 erms invpcid cqm xsaveopt cqm_llc cqm_occup_llc dtherm ida arat pln pts md_clear flush_l1d
bugs		: cpu_meltdown spectre_v1 spectre_v2 spec_store_bypass l1tf mds swapgs
bogomips	: 4399.59
clflush size	: 64
cache_alignment	: 64
address sizes	: 46 bits physical, 48 bits virtual
power management:

processor	: 13
vendor_id	: GenuineIntel
cpu family	: 6
model		: 63
model name	: Genuine Intel(R) CPU @ 2.20GHz
stepping	: 2
microcode	: 0x43
cpu MHz		: 2499.772
cache size	: 30720 KB
physical id	: 0
siblings	: 24
core id		: 1
cpu cores	: 12
apicid		: 3
initial apicid	: 3
fpu		: yes
fpu_exception	: yes
cpuid level	: 15
wp		: yes
flags		: fpu vme de pse tsc msr pae mce cx8 apic sep mtrr pge mca cmov pat pse36 clflush dts acpi mmx fxsr sse sse2 ss ht tm pbe syscall nx pdpe1gb rdtscp lm constant_tsc arch_perfmon pebs bts rep_good nopl xtopology nonstop_tsc cpuid aperfmperf pni pclmulqdq dtes64 monitor ds_cpl vmx smx est tm2 ssse3 sdbg fma cx16 xtpr pdcm pcid dca sse4_1 sse4_2 x2apic movbe popcnt tsc_deadline_timer aes xsave avx f16c rdrand lahf_lm abm cpuid_fault epb invpcid_single pti intel_ppin ssbd ibrs ibpb stibp tpr_shadow vnmi flexpriority ept vpid ept_ad fsgsbase tsc_adjust bmi1 avx2 smep bmi2 erms invpcid cqm xsaveopt cqm_llc cqm_occup_llc dtherm ida arat pln pts md_clear flush_l1d
bugs		: cpu_meltdown spectre_v1 spectre_v2 spec_store_bypass l1tf mds swapgs
bogomips	: 4399.59
clflush size	: 64
cache_alignment	: 64
address sizes	: 46 bits physical, 48 bits virtual
power management:

processor	: 14
vendor_id	: GenuineIntel
cpu family	: 6
model		: 63
model name	: Genuine Intel(R) CPU @ 2.20GHz
stepping	: 2
microcode	: 0x43
cpu MHz		: 2499.771
cache size	: 30720 KB
physical id	: 0
siblings	: 24
core id		: 2
cpu cores	: 12
apicid		: 5
initial apicid	: 5
fpu		: yes
fpu_exception	: yes
cpuid level	: 15
wp		: yes
flags		: fpu vme de pse tsc msr pae mce cx8 apic sep mtrr pge mca cmov pat pse36 clflush dts acpi mmx fxsr sse sse2 ss ht tm pbe syscall nx pdpe1gb rdtscp lm constant_tsc arch_perfmon pebs bts rep_good nopl xtopology nonstop_tsc cpuid aperfmperf pni pclmulqdq dtes64 monitor ds_cpl vmx smx est tm2 ssse3 sdbg fma cx16 xtpr pdcm pcid dca sse4_1 sse4_2 x2apic movbe popcnt tsc_deadline_timer aes xsave avx f16c rdrand lahf_lm abm cpuid_fault epb invpcid_single pti intel_ppin ssbd ibrs ibpb stibp tpr_shadow vnmi flexpriority ept vpid ept_ad fsgsbase tsc_adjust bmi1 avx2 smep bmi2 erms invpcid cqm xsaveopt cqm_llc cqm_occup_llc dtherm ida arat pln pts md_clear flush_l1d
bugs		: cpu_meltdown spectre_v1 spectre_v2 spec_store_bypass l1tf mds swapgs
bogomips	: 4399.59
clflush size	: 64
cache_alignment	: 64
address sizes	: 46 bits physical, 48 bits virtual
power management:

processor	: 15
vendor_id	: GenuineIntel
cpu family	: 6
model		: 63
model name	: Genuine Intel(R) CPU @ 2.20GHz
stepping	: 2
microcode	: 0x43
cpu MHz		: 2499.772
cache size	: 30720 KB
physical id	: 0
siblings	: 24
core id		: 3
cpu cores	: 12
apicid		: 7
initial apicid	: 7
fpu		: yes
fpu_exception	: yes
cpuid level	: 15
wp		: yes
flags		: fpu vme de pse tsc msr pae mce cx8 apic sep mtrr pge mca cmov pat pse36 clflush dts acpi mmx fxsr sse sse2 ss ht tm pbe syscall nx pdpe1gb rdtscp lm constant_tsc arch_perfmon pebs bts rep_good nopl xtopology nonstop_tsc cpuid aperfmperf pni pclmulqdq dtes64 monitor ds_cpl vmx smx est tm2 ssse3 sdbg fma cx16 xtpr pdcm pcid dca sse4_1 sse4_2 x2apic movbe popcnt tsc_deadline_timer aes xsave avx f16c rdrand lahf_lm abm cpuid_fault epb invpcid_single pti intel_ppin ssbd ibrs ibpb stibp tpr_shadow vnmi flexpriority ept vpid ept_ad fsgsbase tsc_adjust bmi1 avx2 smep bmi2 erms invpcid cqm xsaveopt cqm_llc cqm_occup_llc dtherm ida arat pln pts md_clear flush_l1d
bugs		: cpu_meltdown spectre_v1 spectre_v2 spec_store_bypass l1tf mds swapgs
bogomips	: 4399.59
clflush size	: 64
cache_alignment	: 64
address sizes	: 46 bits physical, 48 bits virtual
power management:

processor	: 16
vendor_id	: GenuineIntel
cpu family	: 6
model		: 63
model name	: Genuine Intel(R) CPU @ 2.20GHz
stepping	: 2
microcode	: 0x43
cpu MHz		: 2499.771
cache size	: 30720 KB
physical id	: 0
siblings	: 24
core id		: 4
cpu cores	: 12
apicid		: 9
initial apicid	: 9
fpu		: yes
fpu_exception	: yes
cpuid level	: 15
wp		: yes
flags		: fpu vme de pse tsc msr pae mce cx8 apic sep mtrr pge mca cmov pat pse36 clflush dts acpi mmx fxsr sse sse2 ss ht tm pbe syscall nx pdpe1gb rdtscp lm constant_tsc arch_perfmon pebs bts rep_good nopl xtopology nonstop_tsc cpuid aperfmperf pni pclmulqdq dtes64 monitor ds_cpl vmx smx est tm2 ssse3 sdbg fma cx16 xtpr pdcm pcid dca sse4_1 sse4_2 x2apic movbe popcnt tsc_deadline_timer aes xsave avx f16c rdrand lahf_lm abm cpuid_fault epb invpcid_single pti intel_ppin ssbd ibrs ibpb stibp tpr_shadow vnmi flexpriority ept vpid ept_ad fsgsbase tsc_adjust bmi1 avx2 smep bmi2 erms invpcid cqm xsaveopt cqm_llc cqm_occup_llc dtherm ida arat pln pts md_clear flush_l1d
bugs		: cpu_meltdown spectre_v1 spectre_v2 spec_store_bypass l1tf mds swapgs
bogomips	: 4399.59
clflush size	: 64
cache_alignment	: 64
address sizes	: 46 bits physical, 48 bits virtual
power management:

processor	: 17
vendor_id	: GenuineIntel
cpu family	: 6
model		: 63
model name	: Genuine Intel(R) CPU @ 2.20GHz
stepping	: 2
microcode	: 0x43
cpu MHz		: 2499.771
cache size	: 30720 KB
physical id	: 0
siblings	: 24
core id		: 5
cpu cores	: 12
apicid		: 11
initial apicid	: 11
fpu		: yes
fpu_exception	: yes
cpuid level	: 15
wp		: yes
flags		: fpu vme de pse tsc msr pae mce cx8 apic sep mtrr pge mca cmov pat pse36 clflush dts acpi mmx fxsr sse sse2 ss ht tm pbe syscall nx pdpe1gb rdtscp lm constant_tsc arch_perfmon pebs bts rep_good nopl xtopology nonstop_tsc cpuid aperfmperf pni pclmulqdq dtes64 monitor ds_cpl vmx smx est tm2 ssse3 sdbg fma cx16 xtpr pdcm pcid dca sse4_1 sse4_2 x2apic movbe popcnt tsc_deadline_timer aes xsave avx f16c rdrand lahf_lm abm cpuid_fault epb invpcid_single pti intel_ppin ssbd ibrs ibpb stibp tpr_shadow vnmi flexpriority ept vpid ept_ad fsgsbase tsc_adjust bmi1 avx2 smep bmi2 erms invpcid cqm xsaveopt cqm_llc cqm_occup_llc dtherm ida arat pln pts md_clear flush_l1d
bugs		: cpu_meltdown spectre_v1 spectre_v2 spec_store_bypass l1tf mds swapgs
bogomips	: 4399.59
clflush size	: 64
cache_alignment	: 64
address sizes	: 46 bits physical, 48 bits virtual
power management:

processor	: 18
vendor_id	: GenuineIntel
cpu family	: 6
model		: 63
model name	: Genuine Intel(R) CPU @ 2.20GHz
stepping	: 2
microcode	: 0x43
cpu MHz		: 2499.772
cache size	: 30720 KB
physical id	: 0
siblings	: 24
core id		: 8
cpu cores	: 12
apicid		: 17
initial apicid	: 17
fpu		: yes
fpu_exception	: yes
cpuid level	: 15
wp		: yes
flags		: fpu vme de pse tsc msr pae mce cx8 apic sep mtrr pge mca cmov pat pse36 clflush dts acpi mmx fxsr sse sse2 ss ht tm pbe syscall nx pdpe1gb rdtscp lm constant_tsc arch_perfmon pebs bts rep_good nopl xtopology nonstop_tsc cpuid aperfmperf pni pclmulqdq dtes64 monitor ds_cpl vmx smx est tm2 ssse3 sdbg fma cx16 xtpr pdcm pcid dca sse4_1 sse4_2 x2apic movbe popcnt tsc_deadline_timer aes xsave avx f16c rdrand lahf_lm abm cpuid_fault epb invpcid_single pti intel_ppin ssbd ibrs ibpb stibp tpr_shadow vnmi flexpriority ept vpid ept_ad fsgsbase tsc_adjust bmi1 avx2 smep bmi2 erms invpcid cqm xsaveopt cqm_llc cqm_occup_llc dtherm ida arat pln pts md_clear flush_l1d
bugs		: cpu_meltdown spectre_v1 spectre_v2 spec_store_bypass l1tf mds swapgs
bogomips	: 4399.59
clflush size	: 64
cache_alignment	: 64
address sizes	: 46 bits physical, 48 bits virtual
power management:

processor	: 19
vendor_id	: GenuineIntel
cpu family	: 6
model		: 63
model name	: Genuine Intel(R) CPU @ 2.20GHz
stepping	: 2
microcode	: 0x43
cpu MHz		: 2499.771
cache size	: 30720 KB
physical id	: 0
siblings	: 24
core id		: 9
cpu cores	: 12
apicid		: 19
initial apicid	: 19
fpu		: yes
fpu_exception	: yes
cpuid level	: 15
wp		: yes
flags		: fpu vme de pse tsc msr pae mce cx8 apic sep mtrr pge mca cmov pat pse36 clflush dts acpi mmx fxsr sse sse2 ss ht tm pbe syscall nx pdpe1gb rdtscp lm constant_tsc arch_perfmon pebs bts rep_good nopl xtopology nonstop_tsc cpuid aperfmperf pni pclmulqdq dtes64 monitor ds_cpl vmx smx est tm2 ssse3 sdbg fma cx16 xtpr pdcm pcid dca sse4_1 sse4_2 x2apic movbe popcnt tsc_deadline_timer aes xsave avx f16c rdrand lahf_lm abm cpuid_fault epb invpcid_single pti intel_ppin ssbd ibrs ibpb stibp tpr_shadow vnmi flexpriority ept vpid ept_ad fsgsbase tsc_adjust bmi1 avx2 smep bmi2 erms invpcid cqm xsaveopt cqm_llc cqm_occup_llc dtherm ida arat pln pts md_clear flush_l1d
bugs		: cpu_meltdown spectre_v1 spectre_v2 spec_store_bypass l1tf mds swapgs
bogomips	: 4399.59
clflush size	: 64
cache_alignment	: 64
address sizes	: 46 bits physical, 48 bits virtual
power management:

processor	: 20
vendor_id	: GenuineIntel
cpu family	: 6
model		: 63
model name	: Genuine Intel(R) CPU @ 2.20GHz
stepping	: 2
microcode	: 0x43
cpu MHz		: 2499.770
cache size	: 30720 KB
physical id	: 0
siblings	: 24
core id		: 10
cpu cores	: 12
apicid		: 21
initial apicid	: 21
fpu		: yes
fpu_exception	: yes
cpuid level	: 15
wp		: yes
flags		: fpu vme de pse tsc msr pae mce cx8 apic sep mtrr pge mca cmov pat pse36 clflush dts acpi mmx fxsr sse sse2 ss ht tm pbe syscall nx pdpe1gb rdtscp lm constant_tsc arch_perfmon pebs bts rep_good nopl xtopology nonstop_tsc cpuid aperfmperf pni pclmulqdq dtes64 monitor ds_cpl vmx smx est tm2 ssse3 sdbg fma cx16 xtpr pdcm pcid dca sse4_1 sse4_2 x2apic movbe popcnt tsc_deadline_timer aes xsave avx f16c rdrand lahf_lm abm cpuid_fault epb invpcid_single pti intel_ppin ssbd ibrs ibpb stibp tpr_shadow vnmi flexpriority ept vpid ept_ad fsgsbase tsc_adjust bmi1 avx2 smep bmi2 erms invpcid cqm xsaveopt cqm_llc cqm_occup_llc dtherm ida arat pln pts md_clear flush_l1d
bugs		: cpu_meltdown spectre_v1 spectre_v2 spec_store_bypass l1tf mds swapgs
bogomips	: 4399.59
clflush size	: 64
cache_alignment	: 64
address sizes	: 46 bits physical, 48 bits virtual
power management:

processor	: 21
vendor_id	: GenuineIntel
cpu family	: 6
model		: 63
model name	: Genuine Intel(R) CPU @ 2.20GHz
stepping	: 2
microcode	: 0x43
cpu MHz		: 2499.772
cache size	: 30720 KB
physical id	: 0
siblings	: 24
core id		: 11
cpu cores	: 12
apicid		: 23
initial apicid	: 23
fpu		: yes
fpu_exception	: yes
cpuid level	: 15
wp		: yes
flags		: fpu vme de pse tsc msr pae mce cx8 apic sep mtrr pge mca cmov pat pse36 clflush dts acpi mmx fxsr sse sse2 ss ht tm pbe syscall nx pdpe1gb rdtscp lm constant_tsc arch_perfmon pebs bts rep_good nopl xtopology nonstop_tsc cpuid aperfmperf pni pclmulqdq dtes64 monitor ds_cpl vmx smx est tm2 ssse3 sdbg fma cx16 xtpr pdcm pcid dca sse4_1 sse4_2 x2apic movbe popcnt tsc_deadline_timer aes xsave avx f16c rdrand lahf_lm abm cpuid_fault epb invpcid_single pti intel_ppin ssbd ibrs ibpb stibp tpr_shadow vnmi flexpriority ept vpid ept_ad fsgsbase tsc_adjust bmi1 avx2 smep bmi2 erms invpcid cqm xsaveopt cqm_llc cqm_occup_llc dtherm ida arat pln pts md_clear flush_l1d
bugs		: cpu_meltdown spectre_v1 spectre_v2 spec_store_bypass l1tf mds swapgs
bogomips	: 4399.59
clflush size	: 64
cache_alignment	: 64
address sizes	: 46 bits physical, 48 bits virtual
power management:

processor	: 22
vendor_id	: GenuineIntel
cpu family	: 6
model		: 63
model name	: Genuine Intel(R) CPU @ 2.20GHz
stepping	: 2
microcode	: 0x43
cpu MHz		: 2499.770
cache size	: 30720 KB
physical id	: 0
siblings	: 24
core id		: 12
cpu cores	: 12
apicid		: 25
initial apicid	: 25
fpu		: yes
fpu_exception	: yes
cpuid level	: 15
wp		: yes
flags		: fpu vme de pse tsc msr pae mce cx8 apic sep mtrr pge mca cmov pat pse36 clflush dts acpi mmx fxsr sse sse2 ss ht tm pbe syscall nx pdpe1gb rdtscp lm constant_tsc arch_perfmon pebs bts rep_good nopl xtopology nonstop_tsc cpuid aperfmperf pni pclmulqdq dtes64 monitor ds_cpl vmx smx est tm2 ssse3 sdbg fma cx16 xtpr pdcm pcid dca sse4_1 sse4_2 x2apic movbe popcnt tsc_deadline_timer aes xsave avx f16c rdrand lahf_lm abm cpuid_fault epb invpcid_single pti intel_ppin ssbd ibrs ibpb stibp tpr_shadow vnmi flexpriority ept vpid ept_ad fsgsbase tsc_adjust bmi1 avx2 smep bmi2 erms invpcid cqm xsaveopt cqm_llc cqm_occup_llc dtherm ida arat pln pts md_clear flush_l1d
bugs		: cpu_meltdown spectre_v1 spectre_v2 spec_store_bypass l1tf mds swapgs
bogomips	: 4399.59
clflush size	: 64
cache_alignment	: 64
address sizes	: 46 bits physical, 48 bits virtual
power management:

processor	: 23
vendor_id	: GenuineIntel
cpu family	: 6
model		: 63
model name	: Genuine Intel(R) CPU @ 2.20GHz
stepping	: 2
microcode	: 0x43
cpu MHz		: 2499.771
cache size	: 30720 KB
physical id	: 0
siblings	: 24
core id		: 13
cpu cores	: 12
apicid		: 27
initial apicid	: 27
fpu		: yes
fpu_exception	: yes
cpuid level	: 15
wp		: yes
flags		: fpu vme de pse tsc msr pae mce cx8 apic sep mtrr pge mca cmov pat pse36 clflush dts acpi mmx fxsr sse sse2 ss ht tm pbe syscall nx pdpe1gb rdtscp lm constant_tsc arch_perfmon pebs bts rep_good nopl xtopology nonstop_tsc cpuid aperfmperf pni pclmulqdq dtes64 monitor ds_cpl vmx smx est tm2 ssse3 sdbg fma cx16 xtpr pdcm pcid dca sse4_1 sse4_2 x2apic movbe popcnt tsc_deadline_timer aes xsave avx f16c rdrand lahf_lm abm cpuid_fault epb invpcid_single pti intel_ppin ssbd ibrs ibpb stibp tpr_shadow vnmi flexpriority ept vpid ept_ad fsgsbase tsc_adjust bmi1 avx2 smep bmi2 erms invpcid cqm xsaveopt cqm_llc cqm_occup_llc dtherm ida arat pln pts md_clear flush_l1d
bugs		: cpu_meltdown spectre_v1 spectre_v2 spec_store_bypass l1tf mds swapgs
bogomips	: 4399.59
clflush size	: 64
cache_alignment	: 64
address sizes	: 46 bits physical, 48 bits virtual
power management:



Memory: 4k page, physical 65797208k(22607344k free), swap 63998972k(63998972k free)

vm_info: OpenJDK 64-Bit Server VM (25.222-b10) for linux-amd64 JRE (1.8.0_222-8u222-b10-1ubuntu1~18.04.1-b10), built on Jul 18 2019 18:52:48 by "buildd" with gcc 7.4.0

time: Sun Sep 15 20:37:44 2019
timezone: EDT
elapsed time: 5 seconds (0d 0h 0m 5s)

